Replace Part C26 CERAMIC-100NF-50V-10%-X7R(0603) in C:\Users\pneves\Documents\Gear Labs\04_Projects\03_ControlBoard\trunk\02_Hardware\01_Sources\[2] - POWER.SchDoc with CERAMIC-100NF-50V-10%-X7R(0603) from Seeed-Capacitor.IntLib
Replace Part C27 CERAMIC-100NF-50V-10%-X7R(0603) in C:\Users\pneves\Documents\Gear Labs\04_Projects\03_ControlBoard\trunk\02_Hardware\01_Sources\[2] - POWER.SchDoc with CERAMIC-100NF-50V-10%-X7R(0603) from Seeed-Capacitor.IntLib
Replace Part C28 CERAMIC-100NF-50V-10%-X7R(0603) in C:\Users\pneves\Documents\Gear Labs\04_Projects\03_ControlBoard\trunk\02_Hardware\01_Sources\[2] - POWER.SchDoc with CERAMIC-100NF-50V-10%-X7R(0603) from Seeed-Capacitor.IntLib
Replace Part C29 ALUMINUM-SMD-47UF-25V(D6.3-H5.3MM) in C:\Users\pneves\Documents\Gear Labs\04_Projects\03_ControlBoard\trunk\02_Hardware\01_Sources\[2] - POWER.SchDoc with ALUMINUM-SMD-47UF-25V(D6.3-H5.3MM) from Seeed-Capacitor.IntLib
Replace Part C34 CERAMIC-100NF-50V-10%-X7R(0603) in C:\Users\pneves\Documents\Gear Labs\04_Projects\03_ControlBoard\trunk\02_Hardware\01_Sources\[2] - POWER.SchDoc with CERAMIC-100NF-50V-10%-X7R(0603) from Seeed-Capacitor.IntLib
Replace Part C35 CERAMIC-100NF-50V-10%-X7R(0603) in C:\Users\pneves\Documents\Gear Labs\04_Projects\03_ControlBoard\trunk\02_Hardware\01_Sources\[2] - POWER.SchDoc with CERAMIC-100NF-50V-10%-X7R(0603) from Seeed-Capacitor.IntLib
Replace Part C36 CERAMIC-100NF-50V-10%-X7R(0603) in C:\Users\pneves\Documents\Gear Labs\04_Projects\03_ControlBoard\trunk\02_Hardware\01_Sources\[2] - POWER.SchDoc with CERAMIC-100NF-50V-10%-X7R(0603) from Seeed-Capacitor.IntLib
Replace Part C37 ALUMINUM-SMD-47UF-25V(D6.3-H5.3MM) in C:\Users\pneves\Documents\Gear Labs\04_Projects\03_ControlBoard\trunk\02_Hardware\01_Sources\[2] - POWER.SchDoc with ALUMINUM-SMD-47UF-25V(D6.3-H5.3MM) from Seeed-Capacitor.IntLib
Replace Part C42 CERAMIC-100NF-50V-10%-X7R(0603) in C:\Users\pneves\Documents\Gear Labs\04_Projects\03_ControlBoard\trunk\02_Hardware\01_Sources\[2] - POWER.SchDoc with CERAMIC-100NF-50V-10%-X7R(0603) from Seeed-Capacitor.IntLib
Replace Part C43 CERAMIC-100NF-50V-10%-X7R(0603) in C:\Users\pneves\Documents\Gear Labs\04_Projects\03_ControlBoard\trunk\02_Hardware\01_Sources\[2] - POWER.SchDoc with CERAMIC-100NF-50V-10%-X7R(0603) from Seeed-Capacitor.IntLib
Replace Part C44 CERAMIC-100NF-50V-10%-X7R(0603) in C:\Users\pneves\Documents\Gear Labs\04_Projects\03_ControlBoard\trunk\02_Hardware\01_Sources\[2] - POWER.SchDoc with CERAMIC-100NF-50V-10%-X7R(0603) from Seeed-Capacitor.IntLib
Replace Part C45 ALUMINUM-SMD-47UF-25V(D6.3-H5.3MM) in C:\Users\pneves\Documents\Gear Labs\04_Projects\03_ControlBoard\trunk\02_Hardware\01_Sources\[2] - POWER.SchDoc with ALUMINUM-SMD-47UF-25V(D6.3-H5.3MM) from Seeed-Capacitor.IntLib
Replace Part D17 SMD-DIODE-SCHOTTKY-28V-5A(DO-214AA) in C:\Users\pneves\Documents\Gear Labs\04_Projects\03_ControlBoard\trunk\02_Hardware\01_Sources\[2] - POWER.SchDoc with SMD-DIODE-SCHOTTKY-28V-5A(DO-214AA) from Seeed-Diode.IntLib
Replace Part D18 SMD-DIODE-SCHOTTKY-28V-5A(DO-214AA) in C:\Users\pneves\Documents\Gear Labs\04_Projects\03_ControlBoard\trunk\02_Hardware\01_Sources\[2] - POWER.SchDoc with SMD-DIODE-SCHOTTKY-28V-5A(DO-214AA) from Seeed-Diode.IntLib
Replace Part DC1 JACK-DC-005'DC-005' in C:\Users\pneves\Documents\Gear Labs\04_Projects\03_ControlBoard\trunk\02_Hardware\01_Sources\[2] - POWER.SchDoc with JACK-DC-005'DC-005' from Seeed-Connector.IntLib
Replace Part L1 SMD-INDUCTOR-10UH-20%(2P-6X6MM)'0630' in C:\Users\pneves\Documents\Gear Labs\04_Projects\03_ControlBoard\trunk\02_Hardware\01_Sources\[2] - POWER.SchDoc with SMD-INDUCTOR-10UH-20%(2P-6X6MM)'0630' from Seeed-Inductor.IntLib
Replace Part L2 SMD-INDUCTOR-10UH-20%(2P-6X6MM)'0630' in C:\Users\pneves\Documents\Gear Labs\04_Projects\03_ControlBoard\trunk\02_Hardware\01_Sources\[2] - POWER.SchDoc with SMD-INDUCTOR-10UH-20%(2P-6X6MM)'0630' from Seeed-Inductor.IntLib
Replace Part R48 SMD-RES-10K-5%-1/10W(0603) in C:\Users\pneves\Documents\Gear Labs\04_Projects\03_ControlBoard\trunk\02_Hardware\01_Sources\[2] - POWER.SchDoc with SMD-RES-10K-5%-1/10W(0603) from Seeed-Resistor.IntLib
Replace Part R49 SMD-RES-10K-1%-1/10W(0603) in C:\Users\pneves\Documents\Gear Labs\04_Projects\03_ControlBoard\trunk\02_Hardware\01_Sources\[2] - POWER.SchDoc with SMD-RES-10K-1%-1/10W(0603) from Seeed-Resistor.IntLib
Replace Part R50 SMD-RES-3K-1%-1/10W(0603) in C:\Users\pneves\Documents\Gear Labs\04_Projects\03_ControlBoard\trunk\02_Hardware\01_Sources\[2] - POWER.SchDoc with SMD-RES-3K-1%-1/10W(0603) from Seeed-Resistor.IntLib
Replace Part R51 SMD-RES-330R-1%-1/10W(0603) in C:\Users\pneves\Documents\Gear Labs\04_Projects\03_ControlBoard\trunk\02_Hardware\01_Sources\[2] - POWER.SchDoc with SMD-RES-330R-1%-1/10W(0603) from Seeed-Resistor.IntLib
Replace Part R52 SMD-RES-10K-5%-1/10W(0603) in C:\Users\pneves\Documents\Gear Labs\04_Projects\03_ControlBoard\trunk\02_Hardware\01_Sources\[2] - POWER.SchDoc with SMD-RES-10K-5%-1/10W(0603) from Seeed-Resistor.IntLib
Replace Part R53 SMD-RES-2K-1%-1/10W(0603) in C:\Users\pneves\Documents\Gear Labs\04_Projects\03_ControlBoard\trunk\02_Hardware\01_Sources\[2] - POWER.SchDoc with SMD-RES-2K-1%-1/10W(0603) from Seeed-Resistor.IntLib
Replace Part R54 SMD-RES-10K-5%-1/10W(0603) in C:\Users\pneves\Documents\Gear Labs\04_Projects\03_ControlBoard\trunk\02_Hardware\01_Sources\[2] - POWER.SchDoc with SMD-RES-10K-5%-1/10W(0603) from Seeed-Resistor.IntLib
Replace Part R55 SMD-RES-10K-1%-1/10W(0603) in C:\Users\pneves\Documents\Gear Labs\04_Projects\03_ControlBoard\trunk\02_Hardware\01_Sources\[2] - POWER.SchDoc with SMD-RES-10K-1%-1/10W(0603) from Seeed-Resistor.IntLib
Replace Part R56 SMD-RES-10K-5%-1/10W(0603) in C:\Users\pneves\Documents\Gear Labs\04_Projects\03_ControlBoard\trunk\02_Hardware\01_Sources\[2] - POWER.SchDoc with SMD-RES-10K-5%-1/10W(0603) from Seeed-Resistor.IntLib
Replace Part R57 SMD-RES-3K-1%-1/10W(0603) in C:\Users\pneves\Documents\Gear Labs\04_Projects\03_ControlBoard\trunk\02_Hardware\01_Sources\[2] - POWER.SchDoc with SMD-RES-3K-1%-1/10W(0603) from Seeed-Resistor.IntLib
Replace Part R66 SMD-RES-0R-5%-1/10W(0603) in C:\Users\pneves\Documents\Gear Labs\04_Projects\03_ControlBoard\trunk\02_Hardware\01_Sources\[2] - POWER.SchDoc with SMD-RES-0R-5%-1/10W(0603) from Seeed-Resistor.IntLib
Replace Part R67 SMD-RES-0R-5%-1/10W(0603) in C:\Users\pneves\Documents\Gear Labs\04_Projects\03_ControlBoard\trunk\02_Hardware\01_Sources\[2] - POWER.SchDoc with SMD-RES-0R-5%-1/10W(0603) from Seeed-Resistor.IntLib
Replace Part R68 SMD-RES-0R-5%-1/10W(0603) in C:\Users\pneves\Documents\Gear Labs\04_Projects\03_ControlBoard\trunk\02_Hardware\01_Sources\[2] - POWER.SchDoc with SMD-RES-0R-5%-1/10W(0603) from Seeed-Resistor.IntLib
Replace Part R69 SMD-RES-0R-5%-1/10W(0603) in C:\Users\pneves\Documents\Gear Labs\04_Projects\03_ControlBoard\trunk\02_Hardware\01_Sources\[2] - POWER.SchDoc with SMD-RES-0R-5%-1/10W(0603) from Seeed-Resistor.IntLib
Replace Part R70 SMD-RES-0R-5%-1/10W(0603) in C:\Users\pneves\Documents\Gear Labs\04_Projects\03_ControlBoard\trunk\02_Hardware\01_Sources\[2] - POWER.SchDoc with SMD-RES-0R-5%-1/10W(0603) from Seeed-Resistor.IntLib
Replace Part R71 SMD-RES-0R-5%-1/10W(0603) in C:\Users\pneves\Documents\Gear Labs\04_Projects\03_ControlBoard\trunk\02_Hardware\01_Sources\[2] - POWER.SchDoc with SMD-RES-0R-5%-1/10W(0603) from Seeed-Resistor.IntLib
Replace Part R72 SMD-RES-0R-5%-1/10W(0603) in C:\Users\pneves\Documents\Gear Labs\04_Projects\03_ControlBoard\trunk\02_Hardware\01_Sources\[2] - POWER.SchDoc with SMD-RES-0R-5%-1/10W(0603) from Seeed-Resistor.IntLib
Replace Part R73 SMD-RES-0R-5%-1/10W(0603) in C:\Users\pneves\Documents\Gear Labs\04_Projects\03_ControlBoard\trunk\02_Hardware\01_Sources\[2] - POWER.SchDoc with SMD-RES-0R-5%-1/10W(0603) from Seeed-Resistor.IntLib
Replace Part R74 SMD-RES-0R-5%-1/10W(0603) in C:\Users\pneves\Documents\Gear Labs\04_Projects\03_ControlBoard\trunk\02_Hardware\01_Sources\[2] - POWER.SchDoc with SMD-RES-0R-5%-1/10W(0603) from Seeed-Resistor.IntLib
Replace Part U6 PMIC-TD1410(SOIC8) in C:\Users\pneves\Documents\Gear Labs\04_Projects\03_ControlBoard\trunk\02_Hardware\01_Sources\[2] - POWER.SchDoc with PMIC-TD1410(SOIC8) from Seeed-IC.IntLib
Replace Part U7 PMIC-TD1410(SOIC8) in C:\Users\pneves\Documents\Gear Labs\04_Projects\03_ControlBoard\trunk\02_Hardware\01_Sources\[2] - POWER.SchDoc with PMIC-TD1410(SOIC8) from Seeed-IC.IntLib
