Replace Part C1 ALUMINUM-SMD-47UF-25V(D6.3-H5.3MM) in C:\Users\pneves\Documents\Gear Labs\04_Projects\03_ControlBoard\trunk\02_Hardware\01_Sources\[4] - DRIVERS.SchDoc with ALUMINUM-SMD-47UF-25V(D6.3-H5.3MM) from Seeed-Capacitor.IntLib
Replace Part C2 CERAMIC-100NF-50V-10%-X7R(0603) in C:\Users\pneves\Documents\Gear Labs\04_Projects\03_ControlBoard\trunk\02_Hardware\01_Sources\[4] - DRIVERS.SchDoc with CERAMIC-100NF-50V-10%-X7R(0603) from Seeed-Capacitor.IntLib
Replace Part C3 CERAMIC-100NF-50V-10%-X7R(0603) in C:\Users\pneves\Documents\Gear Labs\04_Projects\03_ControlBoard\trunk\02_Hardware\01_Sources\[4] - DRIVERS.SchDoc with CERAMIC-100NF-50V-10%-X7R(0603) from Seeed-Capacitor.IntLib
Replace Part C4 ALUMINUM-SMD-47UF-25V(D6.3-H5.3MM) in C:\Users\pneves\Documents\Gear Labs\04_Projects\03_ControlBoard\trunk\02_Hardware\01_Sources\[4] - DRIVERS.SchDoc with ALUMINUM-SMD-47UF-25V(D6.3-H5.3MM) from Seeed-Capacitor.IntLib
Replace Part C5 CERAMIC-100NF-50V-10%-X7R(0603) in C:\Users\pneves\Documents\Gear Labs\04_Projects\03_ControlBoard\trunk\02_Hardware\01_Sources\[4] - DRIVERS.SchDoc with CERAMIC-100NF-50V-10%-X7R(0603) from Seeed-Capacitor.IntLib
Replace Part C6 CERAMIC-100NF-50V-10%-X7R(0603) in C:\Users\pneves\Documents\Gear Labs\04_Projects\03_ControlBoard\trunk\02_Hardware\01_Sources\[4] - DRIVERS.SchDoc with CERAMIC-100NF-50V-10%-X7R(0603) from Seeed-Capacitor.IntLib
Replace Part C7 ALUMINUM-SMD-47UF-25V(D6.3-H5.3MM) in C:\Users\pneves\Documents\Gear Labs\04_Projects\03_ControlBoard\trunk\02_Hardware\01_Sources\[4] - DRIVERS.SchDoc with ALUMINUM-SMD-47UF-25V(D6.3-H5.3MM) from Seeed-Capacitor.IntLib
Replace Part C8 CERAMIC-100NF-50V-10%-X7R(0603) in C:\Users\pneves\Documents\Gear Labs\04_Projects\03_ControlBoard\trunk\02_Hardware\01_Sources\[4] - DRIVERS.SchDoc with CERAMIC-100NF-50V-10%-X7R(0603) from Seeed-Capacitor.IntLib
Replace Part C9 CERAMIC-100NF-50V-10%-X7R(0603) in C:\Users\pneves\Documents\Gear Labs\04_Projects\03_ControlBoard\trunk\02_Hardware\01_Sources\[4] - DRIVERS.SchDoc with CERAMIC-100NF-50V-10%-X7R(0603) from Seeed-Capacitor.IntLib
Replace Part C10 ALUMINUM-SMD-47UF-25V(D6.3-H5.3MM) in C:\Users\pneves\Documents\Gear Labs\04_Projects\03_ControlBoard\trunk\02_Hardware\01_Sources\[4] - DRIVERS.SchDoc with ALUMINUM-SMD-47UF-25V(D6.3-H5.3MM) from Seeed-Capacitor.IntLib
Replace Part C11 CERAMIC-100NF-50V-10%-X7R(0603) in C:\Users\pneves\Documents\Gear Labs\04_Projects\03_ControlBoard\trunk\02_Hardware\01_Sources\[4] - DRIVERS.SchDoc with CERAMIC-100NF-50V-10%-X7R(0603) from Seeed-Capacitor.IntLib
Replace Part C12 CERAMIC-100NF-50V-10%-X7R(0603) in C:\Users\pneves\Documents\Gear Labs\04_Projects\03_ControlBoard\trunk\02_Hardware\01_Sources\[4] - DRIVERS.SchDoc with CERAMIC-100NF-50V-10%-X7R(0603) from Seeed-Capacitor.IntLib
Replace Part D1 SMD-DIODE-SCHOTTKY-28V-5A(DO-214AA) in C:\Users\pneves\Documents\Gear Labs\04_Projects\03_ControlBoard\trunk\02_Hardware\01_Sources\[4] - DRIVERS.SchDoc with SMD-DIODE-SCHOTTKY-28V-5A(DO-214AA) from Seeed-Diode.IntLib
Replace Part D2 SMD-DIODE-SCHOTTKY-28V-5A(DO-214AA) in C:\Users\pneves\Documents\Gear Labs\04_Projects\03_ControlBoard\trunk\02_Hardware\01_Sources\[4] - DRIVERS.SchDoc with SMD-DIODE-SCHOTTKY-28V-5A(DO-214AA) from Seeed-Diode.IntLib
Replace Part D3 SMD-DIODE-SCHOTTKY-28V-5A(DO-214AA) in C:\Users\pneves\Documents\Gear Labs\04_Projects\03_ControlBoard\trunk\02_Hardware\01_Sources\[4] - DRIVERS.SchDoc with SMD-DIODE-SCHOTTKY-28V-5A(DO-214AA) from Seeed-Diode.IntLib
Replace Part D4 SMD-DIODE-SCHOTTKY-28V-5A(DO-214AA) in C:\Users\pneves\Documents\Gear Labs\04_Projects\03_ControlBoard\trunk\02_Hardware\01_Sources\[4] - DRIVERS.SchDoc with SMD-DIODE-SCHOTTKY-28V-5A(DO-214AA) from Seeed-Diode.IntLib
Replace Part D5 SMD-DIODE-SCHOTTKY-28V-5A(DO-214AA) in C:\Users\pneves\Documents\Gear Labs\04_Projects\03_ControlBoard\trunk\02_Hardware\01_Sources\[4] - DRIVERS.SchDoc with SMD-DIODE-SCHOTTKY-28V-5A(DO-214AA) from Seeed-Diode.IntLib
Replace Part D6 SMD-DIODE-SCHOTTKY-28V-5A(DO-214AA) in C:\Users\pneves\Documents\Gear Labs\04_Projects\03_ControlBoard\trunk\02_Hardware\01_Sources\[4] - DRIVERS.SchDoc with SMD-DIODE-SCHOTTKY-28V-5A(DO-214AA) from Seeed-Diode.IntLib
Replace Part D7 SMD-DIODE-SCHOTTKY-28V-5A(DO-214AA) in C:\Users\pneves\Documents\Gear Labs\04_Projects\03_ControlBoard\trunk\02_Hardware\01_Sources\[4] - DRIVERS.SchDoc with SMD-DIODE-SCHOTTKY-28V-5A(DO-214AA) from Seeed-Diode.IntLib
Replace Part D8 SMD-DIODE-SCHOTTKY-28V-5A(DO-214AA) in C:\Users\pneves\Documents\Gear Labs\04_Projects\03_ControlBoard\trunk\02_Hardware\01_Sources\[4] - DRIVERS.SchDoc with SMD-DIODE-SCHOTTKY-28V-5A(DO-214AA) from Seeed-Diode.IntLib
Replace Part D9 SMD-DIODE-SCHOTTKY-28V-5A(DO-214AA) in C:\Users\pneves\Documents\Gear Labs\04_Projects\03_ControlBoard\trunk\02_Hardware\01_Sources\[4] - DRIVERS.SchDoc with SMD-DIODE-SCHOTTKY-28V-5A(DO-214AA) from Seeed-Diode.IntLib
Replace Part D10 SMD-DIODE-SCHOTTKY-28V-5A(DO-214AA) in C:\Users\pneves\Documents\Gear Labs\04_Projects\03_ControlBoard\trunk\02_Hardware\01_Sources\[4] - DRIVERS.SchDoc with SMD-DIODE-SCHOTTKY-28V-5A(DO-214AA) from Seeed-Diode.IntLib
Replace Part D11 SMD-DIODE-SCHOTTKY-28V-5A(DO-214AA) in C:\Users\pneves\Documents\Gear Labs\04_Projects\03_ControlBoard\trunk\02_Hardware\01_Sources\[4] - DRIVERS.SchDoc with SMD-DIODE-SCHOTTKY-28V-5A(DO-214AA) from Seeed-Diode.IntLib
Replace Part D12 SMD-DIODE-SCHOTTKY-28V-5A(DO-214AA) in C:\Users\pneves\Documents\Gear Labs\04_Projects\03_ControlBoard\trunk\02_Hardware\01_Sources\[4] - DRIVERS.SchDoc with SMD-DIODE-SCHOTTKY-28V-5A(DO-214AA) from Seeed-Diode.IntLib
Replace Part D13 SMD-DIODE-SCHOTTKY-28V-5A(DO-214AA) in C:\Users\pneves\Documents\Gear Labs\04_Projects\03_ControlBoard\trunk\02_Hardware\01_Sources\[4] - DRIVERS.SchDoc with SMD-DIODE-SCHOTTKY-28V-5A(DO-214AA) from Seeed-Diode.IntLib
Replace Part D14 SMD-DIODE-SCHOTTKY-28V-5A(DO-214AA) in C:\Users\pneves\Documents\Gear Labs\04_Projects\03_ControlBoard\trunk\02_Hardware\01_Sources\[4] - DRIVERS.SchDoc with SMD-DIODE-SCHOTTKY-28V-5A(DO-214AA) from Seeed-Diode.IntLib
Replace Part D15 SMD-DIODE-SCHOTTKY-28V-5A(DO-214AA) in C:\Users\pneves\Documents\Gear Labs\04_Projects\03_ControlBoard\trunk\02_Hardware\01_Sources\[4] - DRIVERS.SchDoc with SMD-DIODE-SCHOTTKY-28V-5A(DO-214AA) from Seeed-Diode.IntLib
Replace Part D16 SMD-DIODE-SCHOTTKY-28V-5A(DO-214AA) in C:\Users\pneves\Documents\Gear Labs\04_Projects\03_ControlBoard\trunk\02_Hardware\01_Sources\[4] - DRIVERS.SchDoc with SMD-DIODE-SCHOTTKY-28V-5A(DO-214AA) from Seeed-Diode.IntLib
Replace Part J1 SCREW-TERMINAL-GREEN(2P-3.5) - BORNE in C:\Users\pneves\Documents\Gear Labs\04_Projects\03_ControlBoard\trunk\02_Hardware\01_Sources\[4] - DRIVERS.SchDoc with SCREW-TERMINAL-GREEN(2P-3.5) - BORNE from Seeed-Connector.IntLib
Replace Part J2 SCREW-TERMINAL-GREEN(2P-3.5) - BORNE in C:\Users\pneves\Documents\Gear Labs\04_Projects\03_ControlBoard\trunk\02_Hardware\01_Sources\[4] - DRIVERS.SchDoc with SCREW-TERMINAL-GREEN(2P-3.5) - BORNE from Seeed-Connector.IntLib
Replace Part J3 SCREW-TERMINAL-GREEN(2P-3.5) - BORNE in C:\Users\pneves\Documents\Gear Labs\04_Projects\03_ControlBoard\trunk\02_Hardware\01_Sources\[4] - DRIVERS.SchDoc with SCREW-TERMINAL-GREEN(2P-3.5) - BORNE from Seeed-Connector.IntLib
Replace Part J4 SCREW-TERMINAL-GREEN(2P-3.5) - BORNE in C:\Users\pneves\Documents\Gear Labs\04_Projects\03_ControlBoard\trunk\02_Hardware\01_Sources\[4] - DRIVERS.SchDoc with SCREW-TERMINAL-GREEN(2P-3.5) - BORNE from Seeed-Connector.IntLib
Replace Part R1 SMD-RES-3.6R-5%-1/10W(0603) in C:\Users\pneves\Documents\Gear Labs\04_Projects\03_ControlBoard\trunk\02_Hardware\01_Sources\[4] - DRIVERS.SchDoc with SMD-RES-3.6R-5%-1/10W(0603) from Seeed-Resistor.IntLib
Replace Part R2 SMD-RES-3.6R-5%-1/10W(0603) in C:\Users\pneves\Documents\Gear Labs\04_Projects\03_ControlBoard\trunk\02_Hardware\01_Sources\[4] - DRIVERS.SchDoc with SMD-RES-3.6R-5%-1/10W(0603) from Seeed-Resistor.IntLib
Replace Part R3 SMD-RES-3.6R-5%-1/10W(0603) in C:\Users\pneves\Documents\Gear Labs\04_Projects\03_ControlBoard\trunk\02_Hardware\01_Sources\[4] - DRIVERS.SchDoc with SMD-RES-3.6R-5%-1/10W(0603) from Seeed-Resistor.IntLib
Replace Part R4 SMD-RES-3.6R-5%-1/10W(0603) in C:\Users\pneves\Documents\Gear Labs\04_Projects\03_ControlBoard\trunk\02_Hardware\01_Sources\[4] - DRIVERS.SchDoc with SMD-RES-3.6R-5%-1/10W(0603) from Seeed-Resistor.IntLib
Replace Part R5 SMD-RES-3.6R-5%-1/10W(0603) in C:\Users\pneves\Documents\Gear Labs\04_Projects\03_ControlBoard\trunk\02_Hardware\01_Sources\[4] - DRIVERS.SchDoc with SMD-RES-3.6R-5%-1/10W(0603) from Seeed-Resistor.IntLib
Replace Part R6 SMD-RES-3.6R-5%-1/10W(0603) in C:\Users\pneves\Documents\Gear Labs\04_Projects\03_ControlBoard\trunk\02_Hardware\01_Sources\[4] - DRIVERS.SchDoc with SMD-RES-3.6R-5%-1/10W(0603) from Seeed-Resistor.IntLib
Replace Part R7 SMD-RES-3.6R-5%-1/10W(0603) in C:\Users\pneves\Documents\Gear Labs\04_Projects\03_ControlBoard\trunk\02_Hardware\01_Sources\[4] - DRIVERS.SchDoc with SMD-RES-3.6R-5%-1/10W(0603) from Seeed-Resistor.IntLib
Replace Part R8 SMD-RES-3.6R-5%-1/10W(0603) in C:\Users\pneves\Documents\Gear Labs\04_Projects\03_ControlBoard\trunk\02_Hardware\01_Sources\[4] - DRIVERS.SchDoc with SMD-RES-3.6R-5%-1/10W(0603) from Seeed-Resistor.IntLib
Replace Part R9 SMD-RES-3.6R-5%-1/10W(0603) in C:\Users\pneves\Documents\Gear Labs\04_Projects\03_ControlBoard\trunk\02_Hardware\01_Sources\[4] - DRIVERS.SchDoc with SMD-RES-3.6R-5%-1/10W(0603) from Seeed-Resistor.IntLib
Replace Part R10 SMD-RES-3.6R-5%-1/10W(0603) in C:\Users\pneves\Documents\Gear Labs\04_Projects\03_ControlBoard\trunk\02_Hardware\01_Sources\[4] - DRIVERS.SchDoc with SMD-RES-3.6R-5%-1/10W(0603) from Seeed-Resistor.IntLib
Replace Part R11 SMD-RES-3.6R-5%-1/10W(0603) in C:\Users\pneves\Documents\Gear Labs\04_Projects\03_ControlBoard\trunk\02_Hardware\01_Sources\[4] - DRIVERS.SchDoc with SMD-RES-3.6R-5%-1/10W(0603) from Seeed-Resistor.IntLib
Replace Part R12 SMD-RES-3.6R-5%-1/10W(0603) in C:\Users\pneves\Documents\Gear Labs\04_Projects\03_ControlBoard\trunk\02_Hardware\01_Sources\[4] - DRIVERS.SchDoc with SMD-RES-3.6R-5%-1/10W(0603) from Seeed-Resistor.IntLib
Replace Part R58 SMD-RES-10K-5%-1/10W(0603) in C:\Users\pneves\Documents\Gear Labs\04_Projects\03_ControlBoard\trunk\02_Hardware\01_Sources\[4] - DRIVERS.SchDoc with SMD-RES-10K-5%-1/10W(0603) from Seeed-Resistor.IntLib
Replace Part R59 SMD-RES-10K-5%-1/10W(0603) in C:\Users\pneves\Documents\Gear Labs\04_Projects\03_ControlBoard\trunk\02_Hardware\01_Sources\[4] - DRIVERS.SchDoc with SMD-RES-10K-5%-1/10W(0603) from Seeed-Resistor.IntLib
Replace Part R60 SMD-RES-10K-5%-1/10W(0603) in C:\Users\pneves\Documents\Gear Labs\04_Projects\03_ControlBoard\trunk\02_Hardware\01_Sources\[4] - DRIVERS.SchDoc with SMD-RES-10K-5%-1/10W(0603) from Seeed-Resistor.IntLib
Replace Part R61 SMD-RES-10K-5%-1/10W(0603) in C:\Users\pneves\Documents\Gear Labs\04_Projects\03_ControlBoard\trunk\02_Hardware\01_Sources\[4] - DRIVERS.SchDoc with SMD-RES-10K-5%-1/10W(0603) from Seeed-Resistor.IntLib
Replace Part R62 SMD-RES-10K-5%-1/10W(0603) in C:\Users\pneves\Documents\Gear Labs\04_Projects\03_ControlBoard\trunk\02_Hardware\01_Sources\[4] - DRIVERS.SchDoc with SMD-RES-10K-5%-1/10W(0603) from Seeed-Resistor.IntLib
Replace Part R63 SMD-RES-10K-5%-1/10W(0603) in C:\Users\pneves\Documents\Gear Labs\04_Projects\03_ControlBoard\trunk\02_Hardware\01_Sources\[4] - DRIVERS.SchDoc with SMD-RES-10K-5%-1/10W(0603) from Seeed-Resistor.IntLib
Replace Part R64 SMD-RES-10K-5%-1/10W(0603) in C:\Users\pneves\Documents\Gear Labs\04_Projects\03_ControlBoard\trunk\02_Hardware\01_Sources\[4] - DRIVERS.SchDoc with SMD-RES-10K-5%-1/10W(0603) from Seeed-Resistor.IntLib
Replace Part R65 SMD-RES-10K-5%-1/10W(0603) in C:\Users\pneves\Documents\Gear Labs\04_Projects\03_ControlBoard\trunk\02_Hardware\01_Sources\[4] - DRIVERS.SchDoc with SMD-RES-10K-5%-1/10W(0603) from Seeed-Resistor.IntLib
Replace Part R75 SMD-RES-0R-5%-1/10W(0603) in C:\Users\pneves\Documents\Gear Labs\04_Projects\03_ControlBoard\trunk\02_Hardware\01_Sources\[4] - DRIVERS.SchDoc with SMD-RES-0R-5%-1/10W(0603) from Seeed-Resistor.IntLib
Replace Part R76 SMD-RES-2K-1%-1/10W(0603) in C:\Users\pneves\Documents\Gear Labs\04_Projects\03_ControlBoard\trunk\02_Hardware\01_Sources\[4] - DRIVERS.SchDoc with SMD-RES-2K-1%-1/10W(0603) from Seeed-Resistor.IntLib
Replace Part R77 SMD-RES-0R-5%-1/10W(0603) in C:\Users\pneves\Documents\Gear Labs\04_Projects\03_ControlBoard\trunk\02_Hardware\01_Sources\[4] - DRIVERS.SchDoc with SMD-RES-0R-5%-1/10W(0603) from Seeed-Resistor.IntLib
Replace Part R78 SMD-RES-2K-1%-1/10W(0603) in C:\Users\pneves\Documents\Gear Labs\04_Projects\03_ControlBoard\trunk\02_Hardware\01_Sources\[4] - DRIVERS.SchDoc with SMD-RES-2K-1%-1/10W(0603) from Seeed-Resistor.IntLib
Replace Part R79 SMD-RES-0R-5%-1/10W(0603) in C:\Users\pneves\Documents\Gear Labs\04_Projects\03_ControlBoard\trunk\02_Hardware\01_Sources\[4] - DRIVERS.SchDoc with SMD-RES-0R-5%-1/10W(0603) from Seeed-Resistor.IntLib
Replace Part R80 SMD-RES-1K-1%-1/10W(0603) in C:\Users\pneves\Documents\Gear Labs\04_Projects\03_ControlBoard\trunk\02_Hardware\01_Sources\[4] - DRIVERS.SchDoc with SMD-RES-1K-1%-1/10W(0603) from Seeed-Resistor.IntLib
Replace Part R81 SMD-RES-0R-5%-1/10W(0603) in C:\Users\pneves\Documents\Gear Labs\04_Projects\03_ControlBoard\trunk\02_Hardware\01_Sources\[4] - DRIVERS.SchDoc with SMD-RES-0R-5%-1/10W(0603) from Seeed-Resistor.IntLib
Replace Part R82 SMD-RES-1K-1%-1/10W(0603) in C:\Users\pneves\Documents\Gear Labs\04_Projects\03_ControlBoard\trunk\02_Hardware\01_Sources\[4] - DRIVERS.SchDoc with SMD-RES-1K-1%-1/10W(0603) from Seeed-Resistor.IntLib
Replace Part R83 SMD-RES-1K-1%-1/10W(0603) in C:\Users\pneves\Documents\Gear Labs\04_Projects\03_ControlBoard\trunk\02_Hardware\01_Sources\[4] - DRIVERS.SchDoc with SMD-RES-1K-1%-1/10W(0603) from Seeed-Resistor.IntLib
Replace Part R84 SMD-RES-1K-1%-1/10W(0603) in C:\Users\pneves\Documents\Gear Labs\04_Projects\03_ControlBoard\trunk\02_Hardware\01_Sources\[4] - DRIVERS.SchDoc with SMD-RES-1K-1%-1/10W(0603) from Seeed-Resistor.IntLib
Replace Part R85 SMD-RES-2K-1%-1/10W(0603) in C:\Users\pneves\Documents\Gear Labs\04_Projects\03_ControlBoard\trunk\02_Hardware\01_Sources\[4] - DRIVERS.SchDoc with SMD-RES-2K-1%-1/10W(0603) from Seeed-Resistor.IntLib
Replace Part R86 SMD-RES-2K-1%-1/10W(0603) in C:\Users\pneves\Documents\Gear Labs\04_Projects\03_ControlBoard\trunk\02_Hardware\01_Sources\[4] - DRIVERS.SchDoc with SMD-RES-2K-1%-1/10W(0603) from Seeed-Resistor.IntLib
Replace Part R87 SMD-RES-0R-5%-1/10W(0603) in C:\Users\pneves\Documents\Gear Labs\04_Projects\03_ControlBoard\trunk\02_Hardware\01_Sources\[4] - DRIVERS.SchDoc with SMD-RES-0R-5%-1/10W(0603) from Seeed-Resistor.IntLib
Replace Part R88 SMD-RES-2K-1%-1/10W(0603) in C:\Users\pneves\Documents\Gear Labs\04_Projects\03_ControlBoard\trunk\02_Hardware\01_Sources\[4] - DRIVERS.SchDoc with SMD-RES-2K-1%-1/10W(0603) from Seeed-Resistor.IntLib
Replace Part R89 SMD-RES-0R-5%-1/10W(0603) in C:\Users\pneves\Documents\Gear Labs\04_Projects\03_ControlBoard\trunk\02_Hardware\01_Sources\[4] - DRIVERS.SchDoc with SMD-RES-0R-5%-1/10W(0603) from Seeed-Resistor.IntLib
Replace Part R90 SMD-RES-2K-1%-1/10W(0603) in C:\Users\pneves\Documents\Gear Labs\04_Projects\03_ControlBoard\trunk\02_Hardware\01_Sources\[4] - DRIVERS.SchDoc with SMD-RES-2K-1%-1/10W(0603) from Seeed-Resistor.IntLib
Replace Part R91 SMD-RES-0R-5%-1/10W(0603) in C:\Users\pneves\Documents\Gear Labs\04_Projects\03_ControlBoard\trunk\02_Hardware\01_Sources\[4] - DRIVERS.SchDoc with SMD-RES-0R-5%-1/10W(0603) from Seeed-Resistor.IntLib
Replace Part R92 SMD-RES-1K-1%-1/10W(0603) in C:\Users\pneves\Documents\Gear Labs\04_Projects\03_ControlBoard\trunk\02_Hardware\01_Sources\[4] - DRIVERS.SchDoc with SMD-RES-1K-1%-1/10W(0603) from Seeed-Resistor.IntLib
Replace Part R93 SMD-RES-0R-5%-1/10W(0603) in C:\Users\pneves\Documents\Gear Labs\04_Projects\03_ControlBoard\trunk\02_Hardware\01_Sources\[4] - DRIVERS.SchDoc with SMD-RES-0R-5%-1/10W(0603) from Seeed-Resistor.IntLib
Replace Part R94 SMD-RES-1K-1%-1/10W(0603) in C:\Users\pneves\Documents\Gear Labs\04_Projects\03_ControlBoard\trunk\02_Hardware\01_Sources\[4] - DRIVERS.SchDoc with SMD-RES-1K-1%-1/10W(0603) from Seeed-Resistor.IntLib
Replace Part R95 SMD-RES-1K-1%-1/10W(0603) in C:\Users\pneves\Documents\Gear Labs\04_Projects\03_ControlBoard\trunk\02_Hardware\01_Sources\[4] - DRIVERS.SchDoc with SMD-RES-1K-1%-1/10W(0603) from Seeed-Resistor.IntLib
Replace Part R96 SMD-RES-1K-1%-1/10W(0603) in C:\Users\pneves\Documents\Gear Labs\04_Projects\03_ControlBoard\trunk\02_Hardware\01_Sources\[4] - DRIVERS.SchDoc with SMD-RES-1K-1%-1/10W(0603) from Seeed-Resistor.IntLib
Replace Part R97 SMD-RES-2K-1%-1/10W(0603) in C:\Users\pneves\Documents\Gear Labs\04_Projects\03_ControlBoard\trunk\02_Hardware\01_Sources\[4] - DRIVERS.SchDoc with SMD-RES-2K-1%-1/10W(0603) from Seeed-Resistor.IntLib
Replace Part R98 SMD-RES-2K-1%-1/10W(0603) in C:\Users\pneves\Documents\Gear Labs\04_Projects\03_ControlBoard\trunk\02_Hardware\01_Sources\[4] - DRIVERS.SchDoc with SMD-RES-2K-1%-1/10W(0603) from Seeed-Resistor.IntLib
Replace Part U1 DRIVER-L298P(SOIC20) in C:\Users\pneves\Documents\Gear Labs\04_Projects\03_ControlBoard\trunk\02_Hardware\01_Sources\[4] - DRIVERS.SchDoc with DRIVER-L298P(SOIC20) from Seeed-IC.IntLib
Replace Part U2 DRIVER-L298P(SOIC20) in C:\Users\pneves\Documents\Gear Labs\04_Projects\03_ControlBoard\trunk\02_Hardware\01_Sources\[4] - DRIVERS.SchDoc with DRIVER-L298P(SOIC20) from Seeed-IC.IntLib
