Replace Part C13 TANTALUM-SMD-4.7UF-16V(AVX-A) in C:\Users\pneves\Documents\Gear Labs\04_Projects\03_ControlBoard\trunk\02_Hardware\01_Sources\[5] - MICROCONTROLLER.SchDoc with TANTALUM-SMD-4.7UF-16V(AVX-A) from Seeed-Capacitor.IntLib
Replace Part C14 CERAMIC-100NF-50V-10%-X7R(0603) in C:\Users\pneves\Documents\Gear Labs\04_Projects\03_ControlBoard\trunk\02_Hardware\01_Sources\[5] - MICROCONTROLLER.SchDoc with CERAMIC-100NF-50V-10%-X7R(0603) from Seeed-Capacitor.IntLib
Replace Part C15 CERAMIC-100NF-50V-10%-X7R(0603) in C:\Users\pneves\Documents\Gear Labs\04_Projects\03_ControlBoard\trunk\02_Hardware\01_Sources\[5] - MICROCONTROLLER.SchDoc with CERAMIC-100NF-50V-10%-X7R(0603) from Seeed-Capacitor.IntLib
Replace Part C16 CERAMIC-100NF-50V-10%-X7R(0603) in C:\Users\pneves\Documents\Gear Labs\04_Projects\03_ControlBoard\trunk\02_Hardware\01_Sources\[5] - MICROCONTROLLER.SchDoc with CERAMIC-100NF-50V-10%-X7R(0603) from Seeed-Capacitor.IntLib
Replace Part C17 CERAMIC-100NF-50V-10%-X7R(0603) in C:\Users\pneves\Documents\Gear Labs\04_Projects\03_ControlBoard\trunk\02_Hardware\01_Sources\[5] - MICROCONTROLLER.SchDoc with CERAMIC-100NF-50V-10%-X7R(0603) from Seeed-Capacitor.IntLib
Replace Part C18 CERAMIC-100NF-50V-10%-X7R(0603) in C:\Users\pneves\Documents\Gear Labs\04_Projects\03_ControlBoard\trunk\02_Hardware\01_Sources\[5] - MICROCONTROLLER.SchDoc with CERAMIC-100NF-50V-10%-X7R(0603) from Seeed-Capacitor.IntLib
Replace Part C19 CERAMIC-100NF-50V-10%-X7R(0603) in C:\Users\pneves\Documents\Gear Labs\04_Projects\03_ControlBoard\trunk\02_Hardware\01_Sources\[5] - MICROCONTROLLER.SchDoc with CERAMIC-100NF-50V-10%-X7R(0603) from Seeed-Capacitor.IntLib
Replace Part C20 CERAMIC-100NF-50V-10%-X7R(0603) in C:\Users\pneves\Documents\Gear Labs\04_Projects\03_ControlBoard\trunk\02_Hardware\01_Sources\[5] - MICROCONTROLLER.SchDoc with CERAMIC-100NF-50V-10%-X7R(0603) from Seeed-Capacitor.IntLib
Replace Part C21 CERAMIC-27PF-50V-5%-NPO(0603) in C:\Users\pneves\Documents\Gear Labs\04_Projects\03_ControlBoard\trunk\02_Hardware\01_Sources\[5] - MICROCONTROLLER.SchDoc with CERAMIC-27PF-50V-5%-NPO(0603) from Seeed-Capacitor.IntLib
Replace Part C22 CERAMIC-27PF-50V-5%-NPO(0603) in C:\Users\pneves\Documents\Gear Labs\04_Projects\03_ControlBoard\trunk\02_Hardware\01_Sources\[5] - MICROCONTROLLER.SchDoc with CERAMIC-27PF-50V-5%-NPO(0603) from Seeed-Capacitor.IntLib
Replace Part CN4 DIP-BLACK-FEMALE-HEADER-VERT(6P-2.54) in C:\Users\pneves\Documents\Gear Labs\04_Projects\03_ControlBoard\trunk\02_Hardware\01_Sources\[5] - MICROCONTROLLER.SchDoc with DIP-BLACK-FEMALE-HEADER-VERT(6P-2.54) from Seeed-Connector.IntLib
Replace Part D19 SMD-DIODE-SWITCH-1N4148(LL-34) in C:\Users\pneves\Documents\Gear Labs\04_Projects\03_ControlBoard\trunk\02_Hardware\01_Sources\[5] - MICROCONTROLLER.SchDoc with SMD-DIODE-SWITCH-1N4148(LL-34) from Seeed-Diode.IntLib
Replace Part D20 SMD-DIODE-SWITCH-1N4148(LL-34) in C:\Users\pneves\Documents\Gear Labs\04_Projects\03_ControlBoard\trunk\02_Hardware\01_Sources\[5] - MICROCONTROLLER.SchDoc with SMD-DIODE-SWITCH-1N4148(LL-34) from Seeed-Diode.IntLib
Replace Part R13 SMD-RES-0R-5%-1/10W(0603) in C:\Users\pneves\Documents\Gear Labs\04_Projects\03_ControlBoard\trunk\02_Hardware\01_Sources\[5] - MICROCONTROLLER.SchDoc with SMD-RES-0R-5%-1/10W(0603) from Seeed-Resistor.IntLib
Replace Part R14 SMD-RES-0R-5%-1/10W(0603) in C:\Users\pneves\Documents\Gear Labs\04_Projects\03_ControlBoard\trunk\02_Hardware\01_Sources\[5] - MICROCONTROLLER.SchDoc with SMD-RES-0R-5%-1/10W(0603) from Seeed-Resistor.IntLib
Replace Part R15 SMD-RES-0R-5%-1/10W(0603) in C:\Users\pneves\Documents\Gear Labs\04_Projects\03_ControlBoard\trunk\02_Hardware\01_Sources\[5] - MICROCONTROLLER.SchDoc with SMD-RES-0R-5%-1/10W(0603) from Seeed-Resistor.IntLib
Replace Part R16 SMD-RES-0R-5%-1/10W(0603) in C:\Users\pneves\Documents\Gear Labs\04_Projects\03_ControlBoard\trunk\02_Hardware\01_Sources\[5] - MICROCONTROLLER.SchDoc with SMD-RES-0R-5%-1/10W(0603) from Seeed-Resistor.IntLib
Replace Part R17 SMD-RES-0R-5%-1/10W(0603) in C:\Users\pneves\Documents\Gear Labs\04_Projects\03_ControlBoard\trunk\02_Hardware\01_Sources\[5] - MICROCONTROLLER.SchDoc with SMD-RES-0R-5%-1/10W(0603) from Seeed-Resistor.IntLib
Replace Part R18 SMD-RES-0R-5%-1/10W(0603) in C:\Users\pneves\Documents\Gear Labs\04_Projects\03_ControlBoard\trunk\02_Hardware\01_Sources\[5] - MICROCONTROLLER.SchDoc with SMD-RES-0R-5%-1/10W(0603) from Seeed-Resistor.IntLib
Replace Part R19 SMD-RES-0R-5%-1/10W(0603) in C:\Users\pneves\Documents\Gear Labs\04_Projects\03_ControlBoard\trunk\02_Hardware\01_Sources\[5] - MICROCONTROLLER.SchDoc with SMD-RES-0R-5%-1/10W(0603) from Seeed-Resistor.IntLib
Replace Part R20 SMD-RES-0R-5%-1/10W(0603) in C:\Users\pneves\Documents\Gear Labs\04_Projects\03_ControlBoard\trunk\02_Hardware\01_Sources\[5] - MICROCONTROLLER.SchDoc with SMD-RES-0R-5%-1/10W(0603) from Seeed-Resistor.IntLib
Replace Part R21 SMD-RES-0R-5%-1/10W(0603) in C:\Users\pneves\Documents\Gear Labs\04_Projects\03_ControlBoard\trunk\02_Hardware\01_Sources\[5] - MICROCONTROLLER.SchDoc with SMD-RES-0R-5%-1/10W(0603) from Seeed-Resistor.IntLib
Replace Part R22 SMD-RES-0R-5%-1/10W(0603) in C:\Users\pneves\Documents\Gear Labs\04_Projects\03_ControlBoard\trunk\02_Hardware\01_Sources\[5] - MICROCONTROLLER.SchDoc with SMD-RES-0R-5%-1/10W(0603) from Seeed-Resistor.IntLib
Replace Part R23 SMD-RES-0R-5%-1/10W(0603) in C:\Users\pneves\Documents\Gear Labs\04_Projects\03_ControlBoard\trunk\02_Hardware\01_Sources\[5] - MICROCONTROLLER.SchDoc with SMD-RES-0R-5%-1/10W(0603) from Seeed-Resistor.IntLib
Replace Part R24 SMD-RES-0R-5%-1/10W(0603) in C:\Users\pneves\Documents\Gear Labs\04_Projects\03_ControlBoard\trunk\02_Hardware\01_Sources\[5] - MICROCONTROLLER.SchDoc with SMD-RES-0R-5%-1/10W(0603) from Seeed-Resistor.IntLib
Replace Part R25 SMD-RES-0R-5%-1/10W(0603) in C:\Users\pneves\Documents\Gear Labs\04_Projects\03_ControlBoard\trunk\02_Hardware\01_Sources\[5] - MICROCONTROLLER.SchDoc with SMD-RES-0R-5%-1/10W(0603) from Seeed-Resistor.IntLib
Replace Part R26 SMD-RES-0R-5%-1/10W(0603) in C:\Users\pneves\Documents\Gear Labs\04_Projects\03_ControlBoard\trunk\02_Hardware\01_Sources\[5] - MICROCONTROLLER.SchDoc with SMD-RES-0R-5%-1/10W(0603) from Seeed-Resistor.IntLib
Replace Part R27 SMD-RES-0R-5%-1/10W(0603) in C:\Users\pneves\Documents\Gear Labs\04_Projects\03_ControlBoard\trunk\02_Hardware\01_Sources\[5] - MICROCONTROLLER.SchDoc with SMD-RES-0R-5%-1/10W(0603) from Seeed-Resistor.IntLib
Replace Part R28 SMD-RES-0R-5%-1/10W(0603) in C:\Users\pneves\Documents\Gear Labs\04_Projects\03_ControlBoard\trunk\02_Hardware\01_Sources\[5] - MICROCONTROLLER.SchDoc with SMD-RES-0R-5%-1/10W(0603) from Seeed-Resistor.IntLib
Replace Part R29 SMD-RES-0R-5%-1/10W(0603) in C:\Users\pneves\Documents\Gear Labs\04_Projects\03_ControlBoard\trunk\02_Hardware\01_Sources\[5] - MICROCONTROLLER.SchDoc with SMD-RES-0R-5%-1/10W(0603) from Seeed-Resistor.IntLib
Replace Part R30 SMD-RES-10K-1%-1/10W(0603) in C:\Users\pneves\Documents\Gear Labs\04_Projects\03_ControlBoard\trunk\02_Hardware\01_Sources\[5] - MICROCONTROLLER.SchDoc with SMD-RES-10K-1%-1/10W(0603) from Seeed-Resistor.IntLib
Replace Part R31 SMD-RES-0R-5%-1/10W(0603) in C:\Users\pneves\Documents\Gear Labs\04_Projects\03_ControlBoard\trunk\02_Hardware\01_Sources\[5] - MICROCONTROLLER.SchDoc with SMD-RES-0R-5%-1/10W(0603) from Seeed-Resistor.IntLib
Replace Part R32 SMD-RES-0R-5%-1/10W(0603) in C:\Users\pneves\Documents\Gear Labs\04_Projects\03_ControlBoard\trunk\02_Hardware\01_Sources\[5] - MICROCONTROLLER.SchDoc with SMD-RES-0R-5%-1/10W(0603) from Seeed-Resistor.IntLib
Replace Part R33 SMD-RES-0R-5%-1/10W(0603) in C:\Users\pneves\Documents\Gear Labs\04_Projects\03_ControlBoard\trunk\02_Hardware\01_Sources\[5] - MICROCONTROLLER.SchDoc with SMD-RES-0R-5%-1/10W(0603) from Seeed-Resistor.IntLib
Replace Part R34 SMD-RES-0R-5%-1/10W(0603) in C:\Users\pneves\Documents\Gear Labs\04_Projects\03_ControlBoard\trunk\02_Hardware\01_Sources\[5] - MICROCONTROLLER.SchDoc with SMD-RES-0R-5%-1/10W(0603) from Seeed-Resistor.IntLib
Replace Part R35 SMD-RES-470R-5%-1/10W(0603) in C:\Users\pneves\Documents\Gear Labs\04_Projects\03_ControlBoard\trunk\02_Hardware\01_Sources\[5] - MICROCONTROLLER.SchDoc with SMD-RES-470R-5%-1/10W(0603) from Seeed-Resistor.IntLib
Replace Part R36 SMD-RES-0R-5%-1/10W(0603) in C:\Users\pneves\Documents\Gear Labs\04_Projects\03_ControlBoard\trunk\02_Hardware\01_Sources\[5] - MICROCONTROLLER.SchDoc with SMD-RES-0R-5%-1/10W(0603) from Seeed-Resistor.IntLib
Replace Part R37 SMD-RES-0R-5%-1/10W(0603) in C:\Users\pneves\Documents\Gear Labs\04_Projects\03_ControlBoard\trunk\02_Hardware\01_Sources\[5] - MICROCONTROLLER.SchDoc with SMD-RES-0R-5%-1/10W(0603) from Seeed-Resistor.IntLib
Replace Part R38 SMD-RES-0R-5%-1/10W(0603) in C:\Users\pneves\Documents\Gear Labs\04_Projects\03_ControlBoard\trunk\02_Hardware\01_Sources\[5] - MICROCONTROLLER.SchDoc with SMD-RES-0R-5%-1/10W(0603) from Seeed-Resistor.IntLib
Replace Part R39 SMD-RES-0R-5%-1/10W(0603) in C:\Users\pneves\Documents\Gear Labs\04_Projects\03_ControlBoard\trunk\02_Hardware\01_Sources\[5] - MICROCONTROLLER.SchDoc with SMD-RES-0R-5%-1/10W(0603) from Seeed-Resistor.IntLib
Replace Part R40 SMD-RES-0R-5%-1/10W(0603) in C:\Users\pneves\Documents\Gear Labs\04_Projects\03_ControlBoard\trunk\02_Hardware\01_Sources\[5] - MICROCONTROLLER.SchDoc with SMD-RES-0R-5%-1/10W(0603) from Seeed-Resistor.IntLib
Replace Part R41 SMD-RES-0R-5%-1/10W(0603) in C:\Users\pneves\Documents\Gear Labs\04_Projects\03_ControlBoard\trunk\02_Hardware\01_Sources\[5] - MICROCONTROLLER.SchDoc with SMD-RES-0R-5%-1/10W(0603) from Seeed-Resistor.IntLib
Replace Part R42 SMD-RES-0R-5%-1/10W(0603) in C:\Users\pneves\Documents\Gear Labs\04_Projects\03_ControlBoard\trunk\02_Hardware\01_Sources\[5] - MICROCONTROLLER.SchDoc with SMD-RES-0R-5%-1/10W(0603) from Seeed-Resistor.IntLib
Replace Part R43 SMD-RES-0R-5%-1/10W(0603) in C:\Users\pneves\Documents\Gear Labs\04_Projects\03_ControlBoard\trunk\02_Hardware\01_Sources\[5] - MICROCONTROLLER.SchDoc with SMD-RES-0R-5%-1/10W(0603) from Seeed-Resistor.IntLib
Replace Part R44 SMD-RES-0R-5%-1/10W(0603) in C:\Users\pneves\Documents\Gear Labs\04_Projects\03_ControlBoard\trunk\02_Hardware\01_Sources\[5] - MICROCONTROLLER.SchDoc with SMD-RES-0R-5%-1/10W(0603) from Seeed-Resistor.IntLib
Replace Part R45 SMD-RES-0R-5%-1/10W(0603) in C:\Users\pneves\Documents\Gear Labs\04_Projects\03_ControlBoard\trunk\02_Hardware\01_Sources\[5] - MICROCONTROLLER.SchDoc with SMD-RES-0R-5%-1/10W(0603) from Seeed-Resistor.IntLib
Replace Part R46 SMD-RES-0R-5%-1/10W(0603) in C:\Users\pneves\Documents\Gear Labs\04_Projects\03_ControlBoard\trunk\02_Hardware\01_Sources\[5] - MICROCONTROLLER.SchDoc with SMD-RES-0R-5%-1/10W(0603) from Seeed-Resistor.IntLib
Replace Part R47 SMD-RES-0R-5%-1/10W(0603) in C:\Users\pneves\Documents\Gear Labs\04_Projects\03_ControlBoard\trunk\02_Hardware\01_Sources\[5] - MICROCONTROLLER.SchDoc with SMD-RES-0R-5%-1/10W(0603) from Seeed-Resistor.IntLib
Replace Part SW1 SMD-BUTTON(4P-5.2X5.2X1.5MM-SKQGADE010)-SKQGADE010 in C:\Users\pneves\Documents\Gear Labs\04_Projects\03_ControlBoard\trunk\02_Hardware\01_Sources\[5] - MICROCONTROLLER.SchDoc with SMD-BUTTON(4P-5.2X5.2X1.5MM-SKQGADE010)-SKQGADE010 from Seeed-Switch.IntLib
Replace Part U3 DSPIC33FJ128MC804-I/PT in C:\Users\pneves\Documents\Gear Labs\04_Projects\03_ControlBoard\trunk\02_Hardware\01_Sources\[5] - MICROCONTROLLER.SchDoc with DSPIC33FJ128MC804-I/PT from Circuitos Integrados.IntLib
Replace Part Y1 SMD-CRYSTAL-16MHZ-8PF-20PPM-40R(2P-5.0X3.2MM) in C:\Users\pneves\Documents\Gear Labs\04_Projects\03_ControlBoard\trunk\02_Hardware\01_Sources\[5] - MICROCONTROLLER.SchDoc with SMD-CRYSTAL-16MHZ-8PF-20PPM-40R(2P-5.0X3.2MM) from Seeed-Crystal Oscillator.IntLib
Replace Part Y2 DIP-CRYSTAL-16MHZ-18PF-30PPM-40R(HC49US) in C:\Users\pneves\Documents\Gear Labs\04_Projects\03_ControlBoard\trunk\02_Hardware\01_Sources\[5] - MICROCONTROLLER.SchDoc with DIP-CRYSTAL-16MHZ-18PF-30PPM-40R(HC49US) from Seeed-Crystal Oscillator.IntLib
