Added Net: Name=+3.3V
Added Net: Name=GND
Added Net: Name=IRQ
Added Net: Name=NetC1_1
Added Net: Name=NetC4_1
Added Net: Name=NetC4_2
Added Net: Name=NetC6_2
Added Net: Name=NetC10_1
Added Net: Name=NetC15_1
Added Net: Name=NetL1_1
Added Net: Name=NetL2_2
Added Net: Name=NetR1_1
Added Net: Name=NetR3_1
Added Net: Name=NetR4_1
Added Net: Name=NetR5_1
Added Net: Name=NetR6_1
Added Net: Name=NetR7_1
Added Net: Name=NetR8_1
Added Net: Name=NetR9_1
Added Net: Name=NetR10_1
Added Net: Name=NetR11_1
Added Net: Name=NetR12_1
Added Net: Name=NetR13_1
Added Net: Name=NetR14_1
Added Net: Name=NetR15_1
Added Net: Name=NetR16_2
Added Net: Name=NetR17_1
Added Net: Name=NetR19_2
Added Net: Name=NetR20_1
Added Net: Name=NetR21_2
Added Net: Name=NetR22_1
Added Net: Name=NetR23_2
Added Net: Name=NetR24_1
Added Net: Name=NetR26_2
Added Net: Name=NetR27_1
Added Net: Name=NetR28_2
Added Net: Name=NetR29_1
Added Net: Name=NetR30_2
Added Net: Name=NetR31_1
Added Net: Name=NetR32_2
Added Net: Name=NetR33_1
Added Net: Name=NetR34_2
Added Net: Name=NetR35_1
Added Net: Name=NetR36_2
Added Net: Name=NetR37_1
Added Net: Name=NRF_CE
Added Net: Name=NRF_CSN
Added Net: Name=NRF_MISO
Added Net: Name=NRF_MOSI
Added Net: Name=NRF_SCK
Added Net: Name=OSC1
Added Net: Name=OSC2
Added Net: Name=RESET
Added Net: Name=VCC
Added Net: Name=XC1
Added Net: Name=XC2
Added Class: Name=[3] - CONNECTIVITY
Added Class: Name=[4] - DRIVERS
Added Class: Name=[5] - MICROCONTROLLER
Added Room: Name=[3] - CONNECTIVITY
Added Room: Name=[4] - DRIVERS
Added Room: Name=[5] - MICROCONTROLLER
