Added Component: Designator=C1(ELECTRO-SMD-C-6MM)
Add component. Clean all parameters for all variants
Add component (AddParameter): Name = "MPN"; Value = "CS1E470M-CRE54"; VariantName = "[No Variations]"
Add component (AddParameter): Name = "value"; Value = "47UF-25V"; VariantName = "[No Variations]"
Added Component: Designator=C2(C0603)
Add component. Clean all parameters for all variants
Add component (AddParameter): Name = "MPN"; Value = "CC0603KRX7R9BB104"; VariantName = "[No Variations]"
Add component (AddParameter): Name = "value"; Value = "100NF-50V"; VariantName = "[No Variations]"
Added Component: Designator=C3(C0603)
Add component. Clean all parameters for all variants
Add component (AddParameter): Name = "MPN"; Value = "CC0603KRX7R9BB104"; VariantName = "[No Variations]"
Add component (AddParameter): Name = "value"; Value = "100NF-50V"; VariantName = "[No Variations]"
Added Component: Designator=C4(ELECTRO-SMD-C-6MM)
Add component. Clean all parameters for all variants
Add component (AddParameter): Name = "MPN"; Value = "CS1E470M-CRE54"; VariantName = "[No Variations]"
Add component (AddParameter): Name = "value"; Value = "47UF-25V"; VariantName = "[No Variations]"
Added Component: Designator=C5(C0603)
Add component. Clean all parameters for all variants
Add component (AddParameter): Name = "MPN"; Value = "CC0603KRX7R9BB104"; VariantName = "[No Variations]"
Add component (AddParameter): Name = "value"; Value = "100NF-50V"; VariantName = "[No Variations]"
Added Component: Designator=C6(C0603)
Add component. Clean all parameters for all variants
Add component (AddParameter): Name = "MPN"; Value = "CC0603KRX7R9BB104"; VariantName = "[No Variations]"
Add component (AddParameter): Name = "value"; Value = "100NF-50V"; VariantName = "[No Variations]"
Added Component: Designator=C7(ELECTRO-SMD-C-6MM)
Add component. Clean all parameters for all variants
Add component (AddParameter): Name = "MPN"; Value = "CS1E470M-CRE54"; VariantName = "[No Variations]"
Add component (AddParameter): Name = "value"; Value = "47UF-25V"; VariantName = "[No Variations]"
Added Component: Designator=C8(C0603)
Add component. Clean all parameters for all variants
Add component (AddParameter): Name = "MPN"; Value = "CC0603KRX7R9BB104"; VariantName = "[No Variations]"
Add component (AddParameter): Name = "value"; Value = "100NF-50V"; VariantName = "[No Variations]"
Added Component: Designator=C9(C0603)
Add component. Clean all parameters for all variants
Add component (AddParameter): Name = "MPN"; Value = "CC0603KRX7R9BB104"; VariantName = "[No Variations]"
Add component (AddParameter): Name = "value"; Value = "100NF-50V"; VariantName = "[No Variations]"
Added Component: Designator=C10(ELECTRO-SMD-C-6MM)
Add component. Clean all parameters for all variants
Add component (AddParameter): Name = "MPN"; Value = "CS1E470M-CRE54"; VariantName = "[No Variations]"
Add component (AddParameter): Name = "value"; Value = "47UF-25V"; VariantName = "[No Variations]"
Added Component: Designator=C11(C0603)
Add component. Clean all parameters for all variants
Add component (AddParameter): Name = "MPN"; Value = "CC0603KRX7R9BB104"; VariantName = "[No Variations]"
Add component (AddParameter): Name = "value"; Value = "100NF-50V"; VariantName = "[No Variations]"
Added Component: Designator=C12(C0603)
Add component. Clean all parameters for all variants
Add component (AddParameter): Name = "MPN"; Value = "CC0603KRX7R9BB104"; VariantName = "[No Variations]"
Add component (AddParameter): Name = "value"; Value = "100NF-50V"; VariantName = "[No Variations]"
Added Component: Designator=C13(AVX-A)
Add component. Clean all parameters for all variants
Add component (AddParameter): Name = "MPN"; Value = "TAJA475*016#NJ"; VariantName = "[No Variations]"
Add component (AddParameter): Name = "value"; Value = "4.7UF-16V"; VariantName = "[No Variations]"
Added Component: Designator=C14(C0603)
Add component. Clean all parameters for all variants
Add component (AddParameter): Name = "MPN"; Value = "CC0603KRX7R9BB104"; VariantName = "[No Variations]"
Add component (AddParameter): Name = "value"; Value = "100NF-50V"; VariantName = "[No Variations]"
Added Component: Designator=C15(C0603)
Add component. Clean all parameters for all variants
Add component (AddParameter): Name = "MPN"; Value = "CC0603KRX7R9BB104"; VariantName = "[No Variations]"
Add component (AddParameter): Name = "value"; Value = "100NF-50V"; VariantName = "[No Variations]"
Added Component: Designator=C16(C0603)
Add component. Clean all parameters for all variants
Add component (AddParameter): Name = "MPN"; Value = "CC0603KRX7R9BB104"; VariantName = "[No Variations]"
Add component (AddParameter): Name = "value"; Value = "100NF-50V"; VariantName = "[No Variations]"
Added Component: Designator=C17(C0603)
Add component. Clean all parameters for all variants
Add component (AddParameter): Name = "MPN"; Value = "CC0603KRX7R9BB104"; VariantName = "[No Variations]"
Add component (AddParameter): Name = "value"; Value = "100NF-50V"; VariantName = "[No Variations]"
Added Component: Designator=C18(C0603)
Add component. Clean all parameters for all variants
Add component (AddParameter): Name = "MPN"; Value = "CC0603KRX7R9BB104"; VariantName = "[No Variations]"
Add component (AddParameter): Name = "value"; Value = "100NF-50V"; VariantName = "[No Variations]"
Added Component: Designator=C19(C0603)
Add component. Clean all parameters for all variants
Add component (AddParameter): Name = "MPN"; Value = "CC0603KRX7R9BB104"; VariantName = "[No Variations]"
Add component (AddParameter): Name = "value"; Value = "100NF-50V"; VariantName = "[No Variations]"
Added Component: Designator=C20(C0603)
Add component. Clean all parameters for all variants
Add component (AddParameter): Name = "MPN"; Value = "CC0603KRX7R9BB104"; VariantName = "[No Variations]"
Add component (AddParameter): Name = "value"; Value = "100NF-50V"; VariantName = "[No Variations]"
Added Component: Designator=C21(C0603)
Add component. Clean all parameters for all variants
Add component (AddParameter): Name = "MPN"; Value = "CC0603JRNPO9BN270"; VariantName = "[No Variations]"
Add component (AddParameter): Name = "value"; Value = "27PF-50V"; VariantName = "[No Variations]"
Added Component: Designator=C22(C0603)
Add component. Clean all parameters for all variants
Add component (AddParameter): Name = "MPN"; Value = "CC0603JRNPO9BN270"; VariantName = "[No Variations]"
Add component (AddParameter): Name = "value"; Value = "27PF-50V"; VariantName = "[No Variations]"
Added Component: Designator=D1(DO-214AA)
Add component. Clean all parameters for all variants
Add component (AddParameter): Name = "MPN"; Value = "SS54B"; VariantName = "[No Variations]"
Added Component: Designator=D2(DO-214AA)
Add component. Clean all parameters for all variants
Add component (AddParameter): Name = "MPN"; Value = "SS54B"; VariantName = "[No Variations]"
Added Component: Designator=D3(DO-214AA)
Add component. Clean all parameters for all variants
Add component (AddParameter): Name = "MPN"; Value = "SS54B"; VariantName = "[No Variations]"
Added Component: Designator=D4(DO-214AA)
Add component. Clean all parameters for all variants
Add component (AddParameter): Name = "MPN"; Value = "SS54B"; VariantName = "[No Variations]"
Added Component: Designator=D5(DO-214AA)
Add component. Clean all parameters for all variants
Add component (AddParameter): Name = "MPN"; Value = "SS54B"; VariantName = "[No Variations]"
Added Component: Designator=D6(DO-214AA)
Add component. Clean all parameters for all variants
Add component (AddParameter): Name = "MPN"; Value = "SS54B"; VariantName = "[No Variations]"
Added Component: Designator=D7(DO-214AA)
Add component. Clean all parameters for all variants
Add component (AddParameter): Name = "MPN"; Value = "SS54B"; VariantName = "[No Variations]"
Added Component: Designator=D8(DO-214AA)
Add component. Clean all parameters for all variants
Add component (AddParameter): Name = "MPN"; Value = "SS54B"; VariantName = "[No Variations]"
Added Component: Designator=D9(DO-214AA)
Add component. Clean all parameters for all variants
Add component (AddParameter): Name = "MPN"; Value = "SS54B"; VariantName = "[No Variations]"
Added Component: Designator=D10(DO-214AA)
Add component. Clean all parameters for all variants
Add component (AddParameter): Name = "MPN"; Value = "SS54B"; VariantName = "[No Variations]"
Added Component: Designator=D11(DO-214AA)
Add component. Clean all parameters for all variants
Add component (AddParameter): Name = "MPN"; Value = "SS54B"; VariantName = "[No Variations]"
Added Component: Designator=D12(DO-214AA)
Add component. Clean all parameters for all variants
Add component (AddParameter): Name = "MPN"; Value = "SS54B"; VariantName = "[No Variations]"
Added Component: Designator=D13(DO-214AA)
Add component. Clean all parameters for all variants
Add component (AddParameter): Name = "MPN"; Value = "SS54B"; VariantName = "[No Variations]"
Added Component: Designator=D14(DO-214AA)
Add component. Clean all parameters for all variants
Add component (AddParameter): Name = "MPN"; Value = "SS54B"; VariantName = "[No Variations]"
Added Component: Designator=D15(DO-214AA)
Add component. Clean all parameters for all variants
Add component (AddParameter): Name = "MPN"; Value = "SS54B"; VariantName = "[No Variations]"
Added Component: Designator=D16(DO-214AA)
Add component. Clean all parameters for all variants
Add component (AddParameter): Name = "MPN"; Value = "SS54B"; VariantName = "[No Variations]"
Added Component: Designator=FD1(Fiducial)
Add component. Clean all parameters for all variants
Added Component: Designator=FD2(Fiducial)
Add component. Clean all parameters for all variants
Added Component: Designator=FD3(Fiducial)
Add component. Clean all parameters for all variants
Added Component: Designator=R1(R0603)
Add component. Clean all parameters for all variants
Add component (AddParameter): Name = "MPN"; Value = "RC0603JR-073R6L"; VariantName = "[No Variations]"
Add component (AddParameter): Name = "value"; Value = "3R6"; VariantName = "[No Variations]"
Added Component: Designator=R2(R0603)
Add component. Clean all parameters for all variants
Add component (AddParameter): Name = "MPN"; Value = "RC0603JR-073R6L"; VariantName = "[No Variations]"
Add component (AddParameter): Name = "value"; Value = "3R6"; VariantName = "[No Variations]"
Added Component: Designator=R3(R0603)
Add component. Clean all parameters for all variants
Add component (AddParameter): Name = "MPN"; Value = "RC0603JR-073R6L"; VariantName = "[No Variations]"
Add component (AddParameter): Name = "value"; Value = "3R6"; VariantName = "[No Variations]"
Added Component: Designator=R4(R0603)
Add component. Clean all parameters for all variants
Add component (AddParameter): Name = "MPN"; Value = "RC0603JR-073R6L"; VariantName = "[No Variations]"
Add component (AddParameter): Name = "value"; Value = "3R6"; VariantName = "[No Variations]"
Added Component: Designator=R5(R0603)
Add component. Clean all parameters for all variants
Add component (AddParameter): Name = "MPN"; Value = "RC0603JR-073R6L"; VariantName = "[No Variations]"
Add component (AddParameter): Name = "value"; Value = "3R6"; VariantName = "[No Variations]"
Added Component: Designator=R6(R0603)
Add component. Clean all parameters for all variants
Add component (AddParameter): Name = "MPN"; Value = "RC0603JR-073R6L"; VariantName = "[No Variations]"
Add component (AddParameter): Name = "value"; Value = "3R6"; VariantName = "[No Variations]"
Added Component: Designator=R7(R0603)
Add component. Clean all parameters for all variants
Add component (AddParameter): Name = "MPN"; Value = "RC0603JR-073R6L"; VariantName = "[No Variations]"
Add component (AddParameter): Name = "value"; Value = "3R6"; VariantName = "[No Variations]"
Added Component: Designator=R8(R0603)
Add component. Clean all parameters for all variants
Add component (AddParameter): Name = "MPN"; Value = "RC0603JR-073R6L"; VariantName = "[No Variations]"
Add component (AddParameter): Name = "value"; Value = "3R6"; VariantName = "[No Variations]"
Added Component: Designator=R9(R0603)
Add component. Clean all parameters for all variants
Add component (AddParameter): Name = "MPN"; Value = "RC0603JR-073R6L"; VariantName = "[No Variations]"
Add component (AddParameter): Name = "value"; Value = "3R6"; VariantName = "[No Variations]"
Added Component: Designator=R10(R0603)
Add component. Clean all parameters for all variants
Add component (AddParameter): Name = "MPN"; Value = "RC0603JR-073R6L"; VariantName = "[No Variations]"
Add component (AddParameter): Name = "value"; Value = "3R6"; VariantName = "[No Variations]"
Added Component: Designator=R11(R0603)
Add component. Clean all parameters for all variants
Add component (AddParameter): Name = "MPN"; Value = "RC0603JR-073R6L"; VariantName = "[No Variations]"
Add component (AddParameter): Name = "value"; Value = "3R6"; VariantName = "[No Variations]"
Added Component: Designator=R12(R0603)
Add component. Clean all parameters for all variants
Add component (AddParameter): Name = "MPN"; Value = "RC0603JR-073R6L"; VariantName = "[No Variations]"
Add component (AddParameter): Name = "value"; Value = "3R6"; VariantName = "[No Variations]"
Added Component: Designator=R13(R0603)
Add component. Clean all parameters for all variants
Add component (AddParameter): Name = "MPN"; Value = "RC0603JR-070RL"; VariantName = "[No Variations]"
Add component (AddParameter): Name = "value"; Value = "0R"; VariantName = "[No Variations]"
Added Component: Designator=R14(R0603)
Add component. Clean all parameters for all variants
Add component (AddParameter): Name = "MPN"; Value = "RC0603JR-070RL"; VariantName = "[No Variations]"
Add component (AddParameter): Name = "value"; Value = "0R"; VariantName = "[No Variations]"
Added Component: Designator=R15(R0603)
Add component. Clean all parameters for all variants
Add component (AddParameter): Name = "MPN"; Value = "RC0603JR-070RL"; VariantName = "[No Variations]"
Add component (AddParameter): Name = "value"; Value = "0R"; VariantName = "[No Variations]"
Added Component: Designator=R16(R0603)
Add component. Clean all parameters for all variants
Add component (AddParameter): Name = "MPN"; Value = "RC0603JR-070RL"; VariantName = "[No Variations]"
Add component (AddParameter): Name = "value"; Value = "0R"; VariantName = "[No Variations]"
Added Component: Designator=R17(R0603)
Add component. Clean all parameters for all variants
Add component (AddParameter): Name = "MPN"; Value = "RC0603JR-070RL"; VariantName = "[No Variations]"
Add component (AddParameter): Name = "value"; Value = "0R"; VariantName = "[No Variations]"
Added Component: Designator=R18(R0603)
Add component. Clean all parameters for all variants
Add component (AddParameter): Name = "MPN"; Value = "RC0603JR-070RL"; VariantName = "[No Variations]"
Add component (AddParameter): Name = "value"; Value = "0R"; VariantName = "[No Variations]"
Added Component: Designator=R19(R0603)
Add component. Clean all parameters for all variants
Add component (AddParameter): Name = "MPN"; Value = "RC0603JR-070RL"; VariantName = "[No Variations]"
Add component (AddParameter): Name = "value"; Value = "0R"; VariantName = "[No Variations]"
Added Component: Designator=R20(R0603)
Add component. Clean all parameters for all variants
Add component (AddParameter): Name = "MPN"; Value = "RC0603JR-070RL"; VariantName = "[No Variations]"
Add component (AddParameter): Name = "value"; Value = "0R"; VariantName = "[No Variations]"
Added Component: Designator=R21(R0603)
Add component. Clean all parameters for all variants
Add component (AddParameter): Name = "MPN"; Value = "RC0603JR-070RL"; VariantName = "[No Variations]"
Add component (AddParameter): Name = "value"; Value = "0R"; VariantName = "[No Variations]"
Added Component: Designator=R22(R0603)
Add component. Clean all parameters for all variants
Add component (AddParameter): Name = "MPN"; Value = "RC0603JR-070RL"; VariantName = "[No Variations]"
Add component (AddParameter): Name = "value"; Value = "0R"; VariantName = "[No Variations]"
Added Component: Designator=R23(R0603)
Add component. Clean all parameters for all variants
Add component (AddParameter): Name = "MPN"; Value = "RC0603JR-070RL"; VariantName = "[No Variations]"
Add component (AddParameter): Name = "value"; Value = "0R"; VariantName = "[No Variations]"
Added Component: Designator=R24(R0603)
Add component. Clean all parameters for all variants
Add component (AddParameter): Name = "MPN"; Value = "RC0603JR-070RL"; VariantName = "[No Variations]"
Add component (AddParameter): Name = "value"; Value = "0R"; VariantName = "[No Variations]"
Added Component: Designator=R25(R0603)
Add component. Clean all parameters for all variants
Add component (AddParameter): Name = "MPN"; Value = "RC0603JR-070RL"; VariantName = "[No Variations]"
Add component (AddParameter): Name = "value"; Value = "0R"; VariantName = "[No Variations]"
Added Component: Designator=R26(R0603)
Add component. Clean all parameters for all variants
Add component (AddParameter): Name = "MPN"; Value = "RC0603JR-070RL"; VariantName = "[No Variations]"
Add component (AddParameter): Name = "value"; Value = "0R"; VariantName = "[No Variations]"
Added Component: Designator=R27(R0603)
Add component. Clean all parameters for all variants
Add component (AddParameter): Name = "MPN"; Value = "RC0603JR-070RL"; VariantName = "[No Variations]"
Add component (AddParameter): Name = "value"; Value = "0R"; VariantName = "[No Variations]"
Added Component: Designator=R28(R0603)
Add component. Clean all parameters for all variants
Add component (AddParameter): Name = "MPN"; Value = "RC0603JR-070RL"; VariantName = "[No Variations]"
Add component (AddParameter): Name = "value"; Value = "0R"; VariantName = "[No Variations]"
Added Component: Designator=R29(R0603)
Add component. Clean all parameters for all variants
Add component (AddParameter): Name = "MPN"; Value = "RC0603JR-070RL"; VariantName = "[No Variations]"
Add component (AddParameter): Name = "value"; Value = "0R"; VariantName = "[No Variations]"
Added Component: Designator=R30(R0603)
Add component. Clean all parameters for all variants
Add component (AddParameter): Name = "MPN"; Value = "RC0603FR-0710KL"; VariantName = "[No Variations]"
Add component (AddParameter): Name = "value"; Value = "10k"; VariantName = "[No Variations]"
Added Component: Designator=R31(R0603)
Add component. Clean all parameters for all variants
Add component (AddParameter): Name = "MPN"; Value = "RC0603JR-070RL"; VariantName = "[No Variations]"
Add component (AddParameter): Name = "value"; Value = "0R"; VariantName = "[No Variations]"
Added Component: Designator=R32(R0603)
Add component. Clean all parameters for all variants
Add component (AddParameter): Name = "MPN"; Value = "RC0603JR-070RL"; VariantName = "[No Variations]"
Add component (AddParameter): Name = "value"; Value = "0R"; VariantName = "[No Variations]"
Added Component: Designator=R33(R0603)
Add component. Clean all parameters for all variants
Add component (AddParameter): Name = "MPN"; Value = "RC0603JR-070RL"; VariantName = "[No Variations]"
Add component (AddParameter): Name = "value"; Value = "0R"; VariantName = "[No Variations]"
Added Component: Designator=R34(R0603)
Add component. Clean all parameters for all variants
Add component (AddParameter): Name = "MPN"; Value = "RC0603JR-070RL"; VariantName = "[No Variations]"
Add component (AddParameter): Name = "value"; Value = "0R"; VariantName = "[No Variations]"
Added Component: Designator=R35(R0603)
Add component. Clean all parameters for all variants
Add component (AddParameter): Name = "MPN"; Value = "RC0603JR-07470RL"; VariantName = "[No Variations]"
Add component (AddParameter): Name = "value"; Value = "470R"; VariantName = "[No Variations]"
Added Component: Designator=R36(R0603)
Add component. Clean all parameters for all variants
Add component (AddParameter): Name = "MPN"; Value = "RC0603JR-070RL"; VariantName = "[No Variations]"
Add component (AddParameter): Name = "value"; Value = "0R"; VariantName = "[No Variations]"
Added Component: Designator=R37(R0603)
Add component. Clean all parameters for all variants
Add component (AddParameter): Name = "MPN"; Value = "RC0603JR-070RL"; VariantName = "[No Variations]"
Add component (AddParameter): Name = "value"; Value = "0R"; VariantName = "[No Variations]"
Added Component: Designator=R38(R0603)
Add component. Clean all parameters for all variants
Add component (AddParameter): Name = "MPN"; Value = "RC0603JR-070RL"; VariantName = "[No Variations]"
Add component (AddParameter): Name = "value"; Value = "0R"; VariantName = "[No Variations]"
Added Component: Designator=R39(R0603)
Add component. Clean all parameters for all variants
Add component (AddParameter): Name = "MPN"; Value = "RC0603JR-070RL"; VariantName = "[No Variations]"
Add component (AddParameter): Name = "value"; Value = "0R"; VariantName = "[No Variations]"
Added Component: Designator=R40(R0603)
Add component. Clean all parameters for all variants
Add component (AddParameter): Name = "MPN"; Value = "RC0603JR-070RL"; VariantName = "[No Variations]"
Add component (AddParameter): Name = "value"; Value = "0R"; VariantName = "[No Variations]"
Added Component: Designator=R41(R0603)
Add component. Clean all parameters for all variants
Add component (AddParameter): Name = "MPN"; Value = "RC0603JR-070RL"; VariantName = "[No Variations]"
Add component (AddParameter): Name = "value"; Value = "0R"; VariantName = "[No Variations]"
Added Component: Designator=R42(R0603)
Add component. Clean all parameters for all variants
Add component (AddParameter): Name = "MPN"; Value = "RC0603JR-070RL"; VariantName = "[No Variations]"
Add component (AddParameter): Name = "value"; Value = "0R"; VariantName = "[No Variations]"
Added Component: Designator=R43(R0603)
Add component. Clean all parameters for all variants
Add component (AddParameter): Name = "MPN"; Value = "RC0603JR-070RL"; VariantName = "[No Variations]"
Add component (AddParameter): Name = "value"; Value = "0R"; VariantName = "[No Variations]"
Added Component: Designator=R44(R0603)
Add component. Clean all parameters for all variants
Add component (AddParameter): Name = "MPN"; Value = "RC0603JR-070RL"; VariantName = "[No Variations]"
Add component (AddParameter): Name = "value"; Value = "0R"; VariantName = "[No Variations]"
Added Component: Designator=R45(R0603)
Add component. Clean all parameters for all variants
Add component (AddParameter): Name = "MPN"; Value = "RC0603JR-070RL"; VariantName = "[No Variations]"
Add component (AddParameter): Name = "value"; Value = "0R"; VariantName = "[No Variations]"
Added Component: Designator=R46(R0603)
Add component. Clean all parameters for all variants
Add component (AddParameter): Name = "MPN"; Value = "RC0603JR-070RL"; VariantName = "[No Variations]"
Add component (AddParameter): Name = "value"; Value = "0R"; VariantName = "[No Variations]"
Added Component: Designator=R47(R0603)
Add component. Clean all parameters for all variants
Add component (AddParameter): Name = "MPN"; Value = "RC0603JR-070RL"; VariantName = "[No Variations]"
Add component (AddParameter): Name = "value"; Value = "0R"; VariantName = "[No Variations]"
Added Component: Designator=SW1(SW4-SMD-5.2X5.2X1.5MM)
Add component. Clean all parameters for all variants
Add component (AddParameter): Name = "MPN"; Value = "SKQGADE010"; VariantName = "[No Variations]"
Added Component: Designator=U1(SOIC20G-1.27-16X11MM)
Add component. Clean all parameters for all variants
Add component (AddParameter): Name = "MPN"; Value = "L298P"; VariantName = "[No Variations]"
Added Component: Designator=U2(SOIC20G-1.27-16X11MM)
Add component. Clean all parameters for all variants
Add component (AddParameter): Name = "MPN"; Value = "L298P"; VariantName = "[No Variations]"
Added Component: Designator=U3(TQFP-44)
Add component. Clean all parameters for all variants
Add component (AddParameter): Name = "FLASH Memory Size"; Value = "131072 B"; VariantName = "[No Variations]"
Add component (AddParameter): Name = "Lead-Free Status"; Value = "Lead Free"; VariantName = "[No Variations]"
Add component (AddParameter): Name = "Lifecycle Status"; Value = "Active"; VariantName = "[No Variations]"
Add component (AddParameter): Name = "Mounting Style"; Value = "Surface Mount"; VariantName = "[No Variations]"
Add component (AddParameter): Name = "Number of Pins"; Value = "44"; VariantName = "[No Variations]"
Add component (AddParameter): Name = "OctopartID"; Value = ""; VariantName = "[No Variations]"
Add component (AddParameter): Name = "Octopart Url"; Value = ""; VariantName = "[No Variations]"
Add component (AddParameter): Name = "RAM Memory Size"; Value = "16384 B"; VariantName = "[No Variations]"
Add component (AddParameter): Name = "REACH SVHC Compliance"; Value = "No SVHC"; VariantName = "[No Variations]"
Add component (AddParameter): Name = "RoHS"; Value = "Compliant"; VariantName = "[No Variations]"
Added Component: Designator=Y1(X2-SMD-5.0X3.2X1.3MM)
Add component. Clean all parameters for all variants
Add component (AddParameter): Name = "MPN"; Value = "X053201602002"; VariantName = "[No Variations]"
Add component (AddParameter): Name = "value"; Value = "16MHz"; VariantName = "[No Variations]"
Added Component: Designator=Y2(HC49US)
Add component. Clean all parameters for all variants
Add component (AddParameter): Name = "MPN"; Value = "HC-49US    16.000MHz"; VariantName = "[No Variations]"
Add component (AddParameter): Name = "value"; Value = "16 MHz"; VariantName = "[No Variations]"
Added Pin To Net: NetName=GND Pin=C1--
Added Pin To Net: NetName=GND Pin=C2-2
Added Pin To Net: NetName=GND Pin=C3-2
Added Pin To Net: NetName=GND Pin=C4--
Added Pin To Net: NetName=GND Pin=C5-2
Added Pin To Net: NetName=GND Pin=C6-2
Added Pin To Net: NetName=GND Pin=C7--
Added Pin To Net: NetName=GND Pin=C8-2
Added Pin To Net: NetName=GND Pin=C9-2
Added Pin To Net: NetName=GND Pin=C10--
Added Pin To Net: NetName=GND Pin=C11-2
Added Pin To Net: NetName=GND Pin=C12-2
Added Pin To Net: NetName=GND Pin=C13--
Added Pin To Net: NetName=+3.3V Pin=C14-1
Added Pin To Net: NetName=GND Pin=C14-2
Added Pin To Net: NetName=+3.3V Pin=C15-1
Added Pin To Net: NetName=GND Pin=C15-2
Added Pin To Net: NetName=+3.3V Pin=C16-1
Added Pin To Net: NetName=GND Pin=C16-2
Added Pin To Net: NetName=+3.3V Pin=C17-1
Added Pin To Net: NetName=GND Pin=C17-2
Added Pin To Net: NetName=+3.3V Pin=C18-1
Added Pin To Net: NetName=GND Pin=C18-2
Added Pin To Net: NetName=+3.3V Pin=C19-1
Added Pin To Net: NetName=GND Pin=C19-2
Added Pin To Net: NetName=GND Pin=C20-2
Added Pin To Net: NetName=OSC1 Pin=C21-1
Added Pin To Net: NetName=GND Pin=C21-2
Added Pin To Net: NetName=OSC2 Pin=C22-1
Added Pin To Net: NetName=GND Pin=C22-2
Added Pin To Net: NetName=GND Pin=D5-+
Added Pin To Net: NetName=GND Pin=D6-+
Added Pin To Net: NetName=GND Pin=D7-+
Added Pin To Net: NetName=GND Pin=D8-+
Added Pin To Net: NetName=GND Pin=D13-+
Added Pin To Net: NetName=GND Pin=D14-+
Added Pin To Net: NetName=GND Pin=D15-+
Added Pin To Net: NetName=GND Pin=D16-+
Added Pin To Net: NetName=GND Pin=R1-2
Added Pin To Net: NetName=GND Pin=R2-2
Added Pin To Net: NetName=GND Pin=R3-2
Added Pin To Net: NetName=GND Pin=R4-2
Added Pin To Net: NetName=GND Pin=R5-2
Added Pin To Net: NetName=GND Pin=R6-2
Added Pin To Net: NetName=GND Pin=R7-2
Added Pin To Net: NetName=GND Pin=R8-2
Added Pin To Net: NetName=GND Pin=R9-2
Added Pin To Net: NetName=GND Pin=R10-2
Added Pin To Net: NetName=GND Pin=R11-2
Added Pin To Net: NetName=GND Pin=R12-2
Added Pin To Net: NetName=NetR13_1 Pin=R13-1
Added Pin To Net: NetName=NetR14_1 Pin=R14-1
Added Pin To Net: NetName=NetR15_1 Pin=R15-1
Added Pin To Net: NetName=NetR17_1 Pin=R17-1
Added Pin To Net: NetName=NetR19_1 Pin=R19-1
Added Pin To Net: NetName=NetR22_1 Pin=R22-1
Added Pin To Net: NetName=NetR25_1 Pin=R25-1
Added Pin To Net: NetName=PGD3 Pin=R25-2
Added Pin To Net: NetName=NetR26_2 Pin=R26-2
Added Pin To Net: NetName=NetR27_1 Pin=R27-1
Added Pin To Net: NetName=PGC3 Pin=R27-2
Added Pin To Net: NetName=NetR28_2 Pin=R28-2
Added Pin To Net: NetName=NetR29_1 Pin=R29-1
Added Pin To Net: NetName=+3.3V Pin=R30-2
Added Pin To Net: NetName=RESET Pin=R35-1
Added Pin To Net: NetName=NetR36_2 Pin=R36-2
Added Pin To Net: NetName=NetR37_1 Pin=R37-1
Added Pin To Net: NetName=GND Pin=SW1-3
Added Pin To Net: NetName=GND Pin=SW1-4
Added Pin To Net: NetName=GND Pin=U1-1
Added Pin To Net: NetName=GND Pin=U1-10
Added Pin To Net: NetName=GND Pin=U1-11
Added Pin To Net: NetName=GND Pin=U1-20
Added Pin To Net: NetName=GND Pin=U1-THERMALS
Added Pin To Net: NetName=GND Pin=U2-1
Added Pin To Net: NetName=GND Pin=U2-10
Added Pin To Net: NetName=GND Pin=U2-11
Added Pin To Net: NetName=GND Pin=U2-20
Added Pin To Net: NetName=GND Pin=U2-THERMALS
Added Pin To Net: NetName=GND Pin=U3-6
Added Pin To Net: NetName=NetR37_1 Pin=U3-8
Added Pin To Net: NetName=NetR19_1 Pin=U3-12
Added Pin To Net: NetName=GND Pin=U3-16
Added Pin To Net: NetName=+3.3V Pin=U3-17
Added Pin To Net: NetName=RESET Pin=U3-18
Added Pin To Net: NetName=NetR13_1 Pin=U3-19
Added Pin To Net: NetName=NetR14_1 Pin=U3-20
Added Pin To Net: NetName=NetR22_1 Pin=U3-23
Added Pin To Net: NetName=NetR26_2 Pin=U3-25
Added Pin To Net: NetName=NetR28_2 Pin=U3-26
Added Pin To Net: NetName=+3.3V Pin=U3-28
Added Pin To Net: NetName=GND Pin=U3-29
Added Pin To Net: NetName=OSC1 Pin=U3-30
Added Pin To Net: NetName=OSC2 Pin=U3-31
Added Pin To Net: NetName=NetR17_1 Pin=U3-32
Added Pin To Net: NetName=NetR15_1 Pin=U3-34
Added Pin To Net: NetName=NetR36_2 Pin=U3-37
Added Pin To Net: NetName=GND Pin=U3-39
Added Pin To Net: NetName=+3.3V Pin=U3-40
Added Pin To Net: NetName=NetR25_1 Pin=U3-41
Added Pin To Net: NetName=NetR27_1 Pin=U3-42
Added Pin To Net: NetName=NetR29_1 Pin=U3-43
Added Pin To Net: NetName=OSC2 Pin=Y1-1
Added Pin To Net: NetName=OSC1 Pin=Y1-2
Added Pin To Net: NetName=OSC2 Pin=Y2-1
Added Pin To Net: NetName=OSC1 Pin=Y2-2
Added Pin To Net: NetName=+5V Pin=C1-+
Added Pin To Net: NetName=+5V Pin=C2-1
Added Pin To Net: NetName=+5V Pin=C3-1
Added Pin To Net: NetName=+5V Pin=C7-+
Added Pin To Net: NetName=+5V Pin=C8-1
Added Pin To Net: NetName=+5V Pin=C9-1
Added Pin To Net: NetName=+5V Pin=U1-12
Added Pin To Net: NetName=+5V Pin=U2-12
Added Net: Name=+5V
Added Pin To Net: NetName=MotorEnableA Pin=U1-8
Added Net: Name=MotorEnableA
Added Pin To Net: NetName=MotorEnableB Pin=U1-14
Added Net: Name=MotorEnableB
Added Pin To Net: NetName=MotorEnableC Pin=U2-8
Added Net: Name=MotorEnableC
Added Pin To Net: NetName=MotorEnableD Pin=U2-14
Added Net: Name=MotorEnableD
Added Pin To Net: NetName=NetC13_+ Pin=C13-+
Added Pin To Net: NetName=NetC13_+ Pin=U3-7
Added Net: Name=NetC13_+
Added Pin To Net: NetName=NetC20_1 Pin=C20-1
Added Pin To Net: NetName=NetC20_1 Pin=R30-1
Added Pin To Net: NetName=NetC20_1 Pin=R35-2
Added Pin To Net: NetName=NetC20_1 Pin=SW1-1
Added Pin To Net: NetName=NetC20_1 Pin=SW1-2
Added Net: Name=NetC20_1
Added Pin To Net: NetName=NetR16_1 Pin=R16-1
Added Pin To Net: NetName=NetR16_1 Pin=U3-13
Added Net: Name=NetR16_1
Added Pin To Net: NetName=NetR18_1 Pin=R18-1
Added Pin To Net: NetName=NetR18_1 Pin=U3-35
Added Net: Name=NetR18_1
Added Pin To Net: NetName=NetR20_1 Pin=R20-1
Added Pin To Net: NetName=NetR20_1 Pin=U3-21
Added Net: Name=NetR20_1
Added Pin To Net: NetName=NetR21_1 Pin=R21-1
Added Pin To Net: NetName=NetR21_1 Pin=U3-22
Added Net: Name=NetR21_1
Added Pin To Net: NetName=NetR23_1 Pin=R23-1
Added Pin To Net: NetName=NetR23_1 Pin=U3-24
Added Net: Name=NetR23_1
Added Pin To Net: NetName=NetR24_1 Pin=R24-1
Added Pin To Net: NetName=NetR24_1 Pin=U3-33
Added Net: Name=NetR24_1
Added Pin To Net: NetName=NetR31_2 Pin=R31-2
Added Pin To Net: NetName=NetR31_2 Pin=U3-27
Added Net: Name=NetR31_2
Added Pin To Net: NetName=NetR32_1 Pin=R32-1
Added Pin To Net: NetName=NetR32_1 Pin=U3-44
Added Net: Name=NetR32_1
Added Pin To Net: NetName=NetR33_2 Pin=R33-2
Added Pin To Net: NetName=NetR33_2 Pin=U3-36
Added Net: Name=NetR33_2
Added Pin To Net: NetName=NetR34_1 Pin=R34-1
Added Pin To Net: NetName=NetR34_1 Pin=U3-1
Added Net: Name=NetR34_1
Added Pin To Net: NetName=NetR38_2 Pin=R38-2
Added Pin To Net: NetName=NetR38_2 Pin=U3-38
Added Net: Name=NetR38_2
Added Pin To Net: NetName=NetR39_1 Pin=R39-1
Added Pin To Net: NetName=NetR39_1 Pin=U3-9
Added Net: Name=NetR39_1
Added Pin To Net: NetName=NetR40_2 Pin=R40-2
Added Pin To Net: NetName=NetR40_2 Pin=U3-2
Added Net: Name=NetR40_2
Added Pin To Net: NetName=NetR41_1 Pin=R41-1
Added Pin To Net: NetName=NetR41_1 Pin=U3-10
Added Net: Name=NetR41_1
Added Pin To Net: NetName=NetR42_2 Pin=R42-2
Added Pin To Net: NetName=NetR42_2 Pin=U3-3
Added Net: Name=NetR42_2
Added Pin To Net: NetName=NetR43_1 Pin=R43-1
Added Pin To Net: NetName=NetR43_1 Pin=U3-11
Added Net: Name=NetR43_1
Added Pin To Net: NetName=NetR44_2 Pin=R44-2
Added Pin To Net: NetName=NetR44_2 Pin=U3-4
Added Net: Name=NetR44_2
Added Pin To Net: NetName=NetR45_1 Pin=R45-1
Added Pin To Net: NetName=NetR45_1 Pin=U3-14
Added Net: Name=NetR45_1
Added Pin To Net: NetName=NetR46_2 Pin=R46-2
Added Pin To Net: NetName=NetR46_2 Pin=U3-5
Added Net: Name=NetR46_2
Added Pin To Net: NetName=NetR47_1 Pin=R47-1
Added Pin To Net: NetName=NetR47_1 Pin=U3-15
Added Net: Name=NetR47_1
Added Pin To Net: NetName=OUTA.1 Pin=D1-+
Added Pin To Net: NetName=OUTA.1 Pin=D5--
Added Pin To Net: NetName=OUTA.1 Pin=U1-4
Added Net: Name=OUTA.1
Added Pin To Net: NetName=OUTA.2 Pin=D2-+
Added Pin To Net: NetName=OUTA.2 Pin=D6--
Added Pin To Net: NetName=OUTA.2 Pin=U1-5
Added Net: Name=OUTA.2
Added Pin To Net: NetName=OUTB.1 Pin=D4-+
Added Pin To Net: NetName=OUTB.1 Pin=D8--
Added Pin To Net: NetName=OUTB.1 Pin=U1-17
Added Net: Name=OUTB.1
Added Pin To Net: NetName=OUTB.2 Pin=D3-+
Added Pin To Net: NetName=OUTB.2 Pin=D7--
Added Pin To Net: NetName=OUTB.2 Pin=U1-16
Added Net: Name=OUTB.2
Added Pin To Net: NetName=OUTC.1 Pin=D9-+
Added Pin To Net: NetName=OUTC.1 Pin=D13--
Added Pin To Net: NetName=OUTC.1 Pin=U2-4
Added Net: Name=OUTC.1
Added Pin To Net: NetName=OUTC.2 Pin=D10-+
Added Pin To Net: NetName=OUTC.2 Pin=D14--
Added Pin To Net: NetName=OUTC.2 Pin=U2-5
Added Net: Name=OUTC.2
Added Pin To Net: NetName=OUTD.1 Pin=D12-+
Added Pin To Net: NetName=OUTD.1 Pin=D16--
Added Pin To Net: NetName=OUTD.1 Pin=U2-17
Added Net: Name=OUTD.1
Added Pin To Net: NetName=OUTD.2 Pin=D11-+
Added Pin To Net: NetName=OUTD.2 Pin=D15--
Added Pin To Net: NetName=OUTD.2 Pin=U2-16
Added Net: Name=OUTD.2
Added Pin To Net: NetName=PWMA.1 Pin=U1-7
Added Net: Name=PWMA.1
Added Pin To Net: NetName=PWMA.2 Pin=U1-9
Added Net: Name=PWMA.2
Added Pin To Net: NetName=PWMB.1 Pin=U1-15
Added Net: Name=PWMB.1
Added Pin To Net: NetName=PWMB.2 Pin=U1-13
Added Net: Name=PWMB.2
Added Pin To Net: NetName=PWMC.1 Pin=U2-7
Added Net: Name=PWMC.1
Added Pin To Net: NetName=PWMC.2 Pin=U2-9
Added Net: Name=PWMC.2
Added Pin To Net: NetName=PWMD.1 Pin=U2-15
Added Net: Name=PWMD.1
Added Pin To Net: NetName=PWMD.2 Pin=U2-13
Added Net: Name=PWMD.2
Added Pin To Net: NetName=SENSE.A Pin=R1-1
Added Pin To Net: NetName=SENSE.A Pin=R2-1
Added Pin To Net: NetName=SENSE.A Pin=R3-1
Added Pin To Net: NetName=SENSE.A Pin=U1-2
Added Net: Name=SENSE.A
Added Pin To Net: NetName=SENSE.B Pin=R4-1
Added Pin To Net: NetName=SENSE.B Pin=R5-1
Added Pin To Net: NetName=SENSE.B Pin=R6-1
Added Pin To Net: NetName=SENSE.B Pin=U1-19
Added Net: Name=SENSE.B
Added Pin To Net: NetName=SENSE.C Pin=R7-1
Added Pin To Net: NetName=SENSE.C Pin=R8-1
Added Pin To Net: NetName=SENSE.C Pin=R9-1
Added Pin To Net: NetName=SENSE.C Pin=U2-2
Added Net: Name=SENSE.C
Added Pin To Net: NetName=SENSE.D Pin=R10-1
Added Pin To Net: NetName=SENSE.D Pin=R11-1
Added Pin To Net: NetName=SENSE.D Pin=R12-1
Added Pin To Net: NetName=SENSE.D Pin=U2-19
Added Net: Name=SENSE.D
Added Pin To Net: NetName=VCC Pin=C4-+
Added Pin To Net: NetName=VCC Pin=C5-1
Added Pin To Net: NetName=VCC Pin=C6-1
Added Pin To Net: NetName=VCC Pin=C10-+
Added Pin To Net: NetName=VCC Pin=C11-1
Added Pin To Net: NetName=VCC Pin=C12-1
Added Pin To Net: NetName=VCC Pin=D1--
Added Pin To Net: NetName=VCC Pin=D2--
Added Pin To Net: NetName=VCC Pin=D3--
Added Pin To Net: NetName=VCC Pin=D4--
Added Pin To Net: NetName=VCC Pin=D9--
Added Pin To Net: NetName=VCC Pin=D10--
Added Pin To Net: NetName=VCC Pin=D11--
Added Pin To Net: NetName=VCC Pin=D12--
Added Pin To Net: NetName=VCC Pin=U1-6
Added Pin To Net: NetName=VCC Pin=U2-6
Added Net: Name=VCC
Added Class: Name=Cover
Added Class: Name=Driver
Added Class: Name=uC
