Added Component: Designator=C23(C0603)
Add component. Clean all parameters for all variants
Add component (AddParameter): Name = "MPN"; Value = "CC0603KRX7R9BB104"; VariantName = "[No Variations]"
Add component (AddParameter): Name = "value"; Value = "100NF-50V"; VariantName = "[No Variations]"
Added Component: Designator=C24(C0603)
Add component. Clean all parameters for all variants
Add component (AddParameter): Name = "MPN"; Value = "CC0603KRX7R9BB104"; VariantName = "[No Variations]"
Add component (AddParameter): Name = "value"; Value = "100NF-50V"; VariantName = "[No Variations]"
Added Component: Designator=C25(C0603)
Add component. Clean all parameters for all variants
Add component (AddParameter): Name = "MPN"; Value = "CC0603KRX7R9BB104"; VariantName = "[No Variations]"
Add component (AddParameter): Name = "value"; Value = "100NF-50V"; VariantName = "[No Variations]"
Added Component: Designator=C26(C0603)
Add component. Clean all parameters for all variants
Add component (AddParameter): Name = "MPN"; Value = "CC0603KRX7R9BB104"; VariantName = "[No Variations]"
Add component (AddParameter): Name = "value"; Value = "100NF-50V"; VariantName = "[No Variations]"
Added Component: Designator=C27(C0603)
Add component. Clean all parameters for all variants
Add component (AddParameter): Name = "MPN"; Value = "CC0603KRX7R9BB104"; VariantName = "[No Variations]"
Add component (AddParameter): Name = "value"; Value = "100NF-50V"; VariantName = "[No Variations]"
Added Component: Designator=C28(C0603)
Add component. Clean all parameters for all variants
Add component (AddParameter): Name = "MPN"; Value = "CC0603KRX7R9BB104"; VariantName = "[No Variations]"
Add component (AddParameter): Name = "value"; Value = "100NF-50V"; VariantName = "[No Variations]"
Added Component: Designator=C29(ELECTRO-SMD-C-6MM)
Add component. Clean all parameters for all variants
Add component (AddParameter): Name = "MPN"; Value = "CS1E470M-CRE54"; VariantName = "[No Variations]"
Add component (AddParameter): Name = "value"; Value = "47UF-25V"; VariantName = "[No Variations]"
Added Component: Designator=C30(ELECTRO-SMD-C-6MM)
Add component. Clean all parameters for all variants
Add component (AddParameter): Name = "MPN"; Value = "CS1E470M-CRE54"; VariantName = "[No Variations]"
Add component (AddParameter): Name = "value"; Value = "47UF-25V"; VariantName = "[No Variations]"
Added Component: Designator=C31(C0603)
Add component. Clean all parameters for all variants
Add component (AddParameter): Name = "MPN"; Value = "CC0603KRX7R9BB104"; VariantName = "[No Variations]"
Add component (AddParameter): Name = "value"; Value = "100NF-50V"; VariantName = "[No Variations]"
Added Component: Designator=C32(C0603)
Add component. Clean all parameters for all variants
Add component (AddParameter): Name = "MPN"; Value = "CC0603KRX7R9BB104"; VariantName = "[No Variations]"
Add component (AddParameter): Name = "value"; Value = "100NF-50V"; VariantName = "[No Variations]"
Added Component: Designator=C33(C0603)
Add component. Clean all parameters for all variants
Add component (AddParameter): Name = "MPN"; Value = "CC0603KRX7R9BB104"; VariantName = "[No Variations]"
Add component (AddParameter): Name = "value"; Value = "100NF-50V"; VariantName = "[No Variations]"
Added Component: Designator=C34(C0603)
Add component. Clean all parameters for all variants
Add component (AddParameter): Name = "MPN"; Value = "CC0603KRX7R9BB104"; VariantName = "[No Variations]"
Add component (AddParameter): Name = "value"; Value = "100NF-50V"; VariantName = "[No Variations]"
Added Component: Designator=C35(C0603)
Add component. Clean all parameters for all variants
Add component (AddParameter): Name = "MPN"; Value = "CC0603KRX7R9BB104"; VariantName = "[No Variations]"
Add component (AddParameter): Name = "value"; Value = "100NF-50V"; VariantName = "[No Variations]"
Added Component: Designator=C36(C0603)
Add component. Clean all parameters for all variants
Add component (AddParameter): Name = "MPN"; Value = "CC0603KRX7R9BB104"; VariantName = "[No Variations]"
Add component (AddParameter): Name = "value"; Value = "100NF-50V"; VariantName = "[No Variations]"
Added Component: Designator=C37(ELECTRO-SMD-C-6MM)
Add component. Clean all parameters for all variants
Add component (AddParameter): Name = "MPN"; Value = "CS1E470M-CRE54"; VariantName = "[No Variations]"
Add component (AddParameter): Name = "value"; Value = "47UF-25V"; VariantName = "[No Variations]"
Added Component: Designator=C38(ELECTRO-SMD-C-6MM)
Add component. Clean all parameters for all variants
Add component (AddParameter): Name = "MPN"; Value = "CS1E470M-CRE54"; VariantName = "[No Variations]"
Add component (AddParameter): Name = "value"; Value = "47UF-25V"; VariantName = "[No Variations]"
Added Component: Designator=C39(C0603)
Add component. Clean all parameters for all variants
Add component (AddParameter): Name = "MPN"; Value = "CC0603KRX7R9BB104"; VariantName = "[No Variations]"
Add component (AddParameter): Name = "value"; Value = "100NF-50V"; VariantName = "[No Variations]"
Added Component: Designator=C40(C0603)
Add component. Clean all parameters for all variants
Add component (AddParameter): Name = "MPN"; Value = "CC0603KRX7R9BB104"; VariantName = "[No Variations]"
Add component (AddParameter): Name = "value"; Value = "100NF-50V"; VariantName = "[No Variations]"
Added Component: Designator=C41(C0603)
Add component. Clean all parameters for all variants
Add component (AddParameter): Name = "MPN"; Value = "CC0603KRX7R9BB104"; VariantName = "[No Variations]"
Add component (AddParameter): Name = "value"; Value = "100NF-50V"; VariantName = "[No Variations]"
Added Component: Designator=C42(C0603)
Add component. Clean all parameters for all variants
Add component (AddParameter): Name = "MPN"; Value = "CC0603KRX7R9BB104"; VariantName = "[No Variations]"
Add component (AddParameter): Name = "value"; Value = "100NF-50V"; VariantName = "[No Variations]"
Added Component: Designator=C43(C0603)
Add component. Clean all parameters for all variants
Add component (AddParameter): Name = "MPN"; Value = "CC0603KRX7R9BB104"; VariantName = "[No Variations]"
Add component (AddParameter): Name = "value"; Value = "100NF-50V"; VariantName = "[No Variations]"
Added Component: Designator=C44(C0603)
Add component. Clean all parameters for all variants
Add component (AddParameter): Name = "MPN"; Value = "CC0603KRX7R9BB104"; VariantName = "[No Variations]"
Add component (AddParameter): Name = "value"; Value = "100NF-50V"; VariantName = "[No Variations]"
Added Component: Designator=C45(ELECTRO-SMD-C-6MM)
Add component. Clean all parameters for all variants
Add component (AddParameter): Name = "MPN"; Value = "CS1E470M-CRE54"; VariantName = "[No Variations]"
Add component (AddParameter): Name = "value"; Value = "47UF-25V"; VariantName = "[No Variations]"
Added Component: Designator=C46(ELECTRO-SMD-C-6MM)
Add component. Clean all parameters for all variants
Add component (AddParameter): Name = "MPN"; Value = "CS1E470M-CRE54"; VariantName = "[No Variations]"
Add component (AddParameter): Name = "value"; Value = "47UF-25V"; VariantName = "[No Variations]"
Added Component: Designator=D17(DO-214AA)
Add component. Clean all parameters for all variants
Add component (AddParameter): Name = "MPN"; Value = "SS54B"; VariantName = "[No Variations]"
Added Component: Designator=D18(DO-214AA)
Add component. Clean all parameters for all variants
Add component (AddParameter): Name = "MPN"; Value = "SS54B"; VariantName = "[No Variations]"
Added Component: Designator=D19(DO-214AA)
Add component. Clean all parameters for all variants
Add component (AddParameter): Name = "MPN"; Value = "SS54B"; VariantName = "[No Variations]"
Added Component: Designator=DC1(3P-L14.2*W11.0*H9.0MM)
Add component. Clean all parameters for all variants
Added Component: Designator=L1(SMD-2P-L6.0XW6.0XH3.0MM)
Add component. Clean all parameters for all variants
Add component (AddParameter): Name = "MPN"; Value = "CSAB0630-100M"; VariantName = "[No Variations]"
Added Component: Designator=L2(SMD-2P-L6.0XW6.0XH3.0MM)
Add component. Clean all parameters for all variants
Add component (AddParameter): Name = "MPN"; Value = "CSAB0630-100M"; VariantName = "[No Variations]"
Added Component: Designator=R48(R0603)
Add component. Clean all parameters for all variants
Add component (AddParameter): Name = "MPN"; Value = "RC0603JR-0710KL"; VariantName = "[No Variations]"
Add component (AddParameter): Name = "value"; Value = "10k"; VariantName = "[No Variations]"
Added Component: Designator=R49(R0603)
Add component. Clean all parameters for all variants
Add component (AddParameter): Name = "MPN"; Value = "RC0603FR-0710KL"; VariantName = "[No Variations]"
Add component (AddParameter): Name = "value"; Value = "10k"; VariantName = "[No Variations]"
Added Component: Designator=R50(R0603)
Add component. Clean all parameters for all variants
Add component (AddParameter): Name = "MPN"; Value = "RC0603FR-073KL"; VariantName = "[No Variations]"
Add component (AddParameter): Name = "value"; Value = "3k"; VariantName = "[No Variations]"
Added Component: Designator=R51(R0603)
Add component. Clean all parameters for all variants
Add component (AddParameter): Name = "MPN"; Value = "RC0603FR-07330RL"; VariantName = "[No Variations]"
Add component (AddParameter): Name = "value"; Value = "330R"; VariantName = "[No Variations]"
Added Component: Designator=R52(R0603)
Add component. Clean all parameters for all variants
Add component (AddParameter): Name = "MPN"; Value = "RC0603JR-0710KL"; VariantName = "[No Variations]"
Add component (AddParameter): Name = "value"; Value = "10k"; VariantName = "[No Variations]"
Added Component: Designator=R53(R0603)
Add component. Clean all parameters for all variants
Add component (AddParameter): Name = "MPN"; Value = "RC0603FR-072KL"; VariantName = "[No Variations]"
Add component (AddParameter): Name = "value"; Value = "2k"; VariantName = "[No Variations]"
Added Component: Designator=R54(R0603)
Add component. Clean all parameters for all variants
Add component (AddParameter): Name = "MPN"; Value = "RC0603JR-0710KL"; VariantName = "[No Variations]"
Add component (AddParameter): Name = "value"; Value = "10k"; VariantName = "[No Variations]"
Added Component: Designator=R55(R0603)
Add component. Clean all parameters for all variants
Add component (AddParameter): Name = "MPN"; Value = "RC0603FR-0710KL"; VariantName = "[No Variations]"
Add component (AddParameter): Name = "value"; Value = "10k"; VariantName = "[No Variations]"
Added Component: Designator=R56(R0603)
Add component. Clean all parameters for all variants
Add component (AddParameter): Name = "MPN"; Value = "RC0603JR-0710KL"; VariantName = "[No Variations]"
Add component (AddParameter): Name = "value"; Value = "10k"; VariantName = "[No Variations]"
Added Component: Designator=R57(R0603)
Add component. Clean all parameters for all variants
Add component (AddParameter): Name = "MPN"; Value = "RC0603FR-073KL"; VariantName = "[No Variations]"
Add component (AddParameter): Name = "value"; Value = "3k"; VariantName = "[No Variations]"
Added Component: Designator=U4(SSOP28-0.65-10.2X5.2MM)
Add component. Clean all parameters for all variants
Add component (AddParameter): Name = "MPN"; Value = "FT232RL"; VariantName = "[No Variations]"
Added Component: Designator=U5(SSOP28-0.65-10.2X5.2MM)
Add component. Clean all parameters for all variants
Add component (AddParameter): Name = "MPN"; Value = "FT232RL"; VariantName = "[No Variations]"
Added Component: Designator=U6(SOIC8-1.27-5X4MM)
Add component. Clean all parameters for all variants
Add component (AddParameter): Name = "MPN"; Value = "TD1410"; VariantName = "[No Variations]"
Added Component: Designator=U7(SOIC8-1.27-5X4MM)
Add component. Clean all parameters for all variants
Add component (AddParameter): Name = "MPN"; Value = "TD1410"; VariantName = "[No Variations]"
Added Pin To Net: NetName=VCC Pin=C23-1
Added Pin To Net: NetName=GND Pin=C23-2
Added Pin To Net: NetName=VCC Pin=C24-1
Added Pin To Net: NetName=GND Pin=C24-2
Added Pin To Net: NetName=VCC Pin=C25-1
Added Pin To Net: NetName=GND Pin=C25-2
Added Pin To Net: NetName=VCC Pin=C26-1
Added Pin To Net: NetName=GND Pin=C26-2
Added Pin To Net: NetName=VCC Pin=C27-1
Added Pin To Net: NetName=GND Pin=C27-2
Added Pin To Net: NetName=VCC Pin=C28-1
Added Pin To Net: NetName=GND Pin=C28-2
Added Pin To Net: NetName=VCC Pin=C29-+
Added Pin To Net: NetName=GND Pin=C29--
Added Pin To Net: NetName=VCC Pin=C30-+
Added Pin To Net: NetName=GND Pin=C30--
Added Pin To Net: NetName=+5V Pin=C31-1
Added Pin To Net: NetName=GND Pin=C31-2
Added Pin To Net: NetName=+5V Pin=C32-1
Added Pin To Net: NetName=GND Pin=C32-2
Added Pin To Net: NetName=+5V Pin=C33-1
Added Pin To Net: NetName=GND Pin=C33-2
Added Pin To Net: NetName=+5V Pin=C34-1
Added Pin To Net: NetName=GND Pin=C34-2
Added Pin To Net: NetName=+5V Pin=C35-1
Added Pin To Net: NetName=GND Pin=C35-2
Added Pin To Net: NetName=+5V Pin=C36-1
Added Pin To Net: NetName=GND Pin=C36-2
Added Pin To Net: NetName=+5V Pin=C37-+
Added Pin To Net: NetName=GND Pin=C37--
Added Pin To Net: NetName=+5V Pin=C38-+
Added Pin To Net: NetName=GND Pin=C38--
Added Pin To Net: NetName=+3.3V Pin=C39-1
Added Pin To Net: NetName=GND Pin=C39-2
Added Pin To Net: NetName=+3.3V Pin=C40-1
Added Pin To Net: NetName=GND Pin=C40-2
Added Pin To Net: NetName=+3.3V Pin=C41-1
Added Pin To Net: NetName=GND Pin=C41-2
Added Pin To Net: NetName=+3.3V Pin=C42-1
Added Pin To Net: NetName=GND Pin=C42-2
Added Pin To Net: NetName=+3.3V Pin=C43-1
Added Pin To Net: NetName=GND Pin=C43-2
Added Pin To Net: NetName=+3.3V Pin=C44-1
Added Pin To Net: NetName=GND Pin=C44-2
Added Pin To Net: NetName=+3.3V Pin=C45-+
Added Pin To Net: NetName=GND Pin=C45--
Added Pin To Net: NetName=+3.3V Pin=C46-+
Added Pin To Net: NetName=GND Pin=C46--
Added Pin To Net: NetName=GND Pin=D17-+
Added Pin To Net: NetName=GND Pin=D18-+
Added Pin To Net: NetName=VCC Pin=D19--
Added Pin To Net: NetName=GND Pin=DC1--1
Added Pin To Net: NetName=GND Pin=DC1--2
Added Pin To Net: NetName=+3.3V Pin=L1-2
Added Pin To Net: NetName=+5V Pin=L2-2
Added Pin To Net: NetName=VCC Pin=R48-2
Added Pin To Net: NetName=+3.3V Pin=R49-2
Added Pin To Net: NetName=GND Pin=R52-1
Added Pin To Net: NetName=GND Pin=R53-2
Added Pin To Net: NetName=VCC Pin=R54-2
Added Pin To Net: NetName=+5V Pin=R55-2
Added Pin To Net: NetName=GND Pin=R56-1
Added Pin To Net: NetName=GND Pin=R57-1
Added Pin To Net: NetName=VCC Pin=U6-2
Added Pin To Net: NetName=GND Pin=U6-4
Added Pin To Net: NetName=VCC Pin=U7-2
Added Pin To Net: NetName=GND Pin=U7-4
Added Pin To Net: NetName=EN3V3 Pin=R48-1
Added Pin To Net: NetName=EN3V3 Pin=R52-2
Added Pin To Net: NetName=EN3V3 Pin=U6-7
Added Net: Name=EN3V3
Added Pin To Net: NetName=EN5V Pin=R54-1
Added Pin To Net: NetName=EN5V Pin=R56-2
Added Pin To Net: NetName=EN5V Pin=U7-7
Added Net: Name=EN5V
Added Pin To Net: NetName=FB3V3 Pin=R49-1
Added Pin To Net: NetName=FB3V3 Pin=R50-2
Added Pin To Net: NetName=FB3V3 Pin=U6-5
Added Net: Name=FB3V3
Added Pin To Net: NetName=FB5V Pin=R55-1
Added Pin To Net: NetName=FB5V Pin=R57-2
Added Pin To Net: NetName=FB5V Pin=U7-5
Added Net: Name=FB5V
Added Pin To Net: NetName=I2C.SCL Pin=R32-2
Added Net: Name=I2C.SCL
Added Pin To Net: NetName=I2C.SDA Pin=R34-2
Added Net: Name=I2C.SDA
Added Pin To Net: NetName=NetD19_+ Pin=D19-+
Added Pin To Net: NetName=NetD19_+ Pin=DC1-+
Added Net: Name=NetD19_+
Added Pin To Net: NetName=NetR13_2 Pin=R13-2
Added Net: Name=NetR13_2
Added Pin To Net: NetName=NetR14_2 Pin=R14-2
Added Net: Name=NetR14_2
Added Pin To Net: NetName=NetR20_2 Pin=R20-2
Added Net: Name=NetR20_2
Added Pin To Net: NetName=NetR21_2 Pin=R21-2
Added Net: Name=NetR21_2
Added Pin To Net: NetName=NetR26_1 Pin=R26-1
Added Net: Name=NetR26_1
Added Pin To Net: NetName=NetR28_1 Pin=R28-1
Added Net: Name=NetR28_1
Added Pin To Net: NetName=NetR29_2 Pin=R29-2
Added Net: Name=NetR29_2
Added Pin To Net: NetName=NetR31_1 Pin=R31-1
Added Net: Name=NetR31_1
Added Pin To Net: NetName=NetR33_1 Pin=R33-1
Added Net: Name=NetR33_1
Added Pin To Net: NetName=NetR36_1 Pin=R36-1
Added Net: Name=NetR36_1
Added Pin To Net: NetName=NetR37_2 Pin=R37-2
Added Net: Name=NetR37_2
Added Pin To Net: NetName=NetR38_1 Pin=R38-1
Added Net: Name=NetR38_1
Added Pin To Net: NetName=NetR39_2 Pin=R39-2
Added Net: Name=NetR39_2
Added Pin To Net: NetName=NetR40_1 Pin=R40-1
Added Net: Name=NetR40_1
Added Pin To Net: NetName=NetR41_2 Pin=R41-2
Added Net: Name=NetR41_2
Added Pin To Net: NetName=NetR42_1 Pin=R42-1
Added Net: Name=NetR42_1
Added Pin To Net: NetName=NetR43_2 Pin=R43-2
Added Net: Name=NetR43_2
Added Pin To Net: NetName=NetR44_1 Pin=R44-1
Added Net: Name=NetR44_1
Added Pin To Net: NetName=NetR45_2 Pin=R45-2
Added Net: Name=NetR45_2
Added Pin To Net: NetName=NetR46_1 Pin=R46-1
Added Net: Name=NetR46_1
Added Pin To Net: NetName=NetR47_2 Pin=R47-2
Added Net: Name=NetR47_2
Added Pin To Net: NetName=NetR50_1 Pin=R50-1
Added Pin To Net: NetName=NetR50_1 Pin=R51-2
Added Net: Name=NetR50_1
Added Pin To Net: NetName=NetR51_1 Pin=R51-1
Added Pin To Net: NetName=NetR51_1 Pin=R53-1
Added Net: Name=NetR51_1
Added Pin To Net: NetName=SPI.CS.RadioRX Pin=R23-2
Added Net: Name=SPI.CS.RadioRX
Added Pin To Net: NetName=SPI.CS.RadioTX Pin=R22-2
Added Net: Name=SPI.CS.RadioTX
Added Pin To Net: NetName=SW3V3 Pin=D17--
Added Pin To Net: NetName=SW3V3 Pin=L1-1
Added Pin To Net: NetName=SW3V3 Pin=U6-3
Added Net: Name=SW3V3
Added Pin To Net: NetName=SW5V Pin=D18--
Added Pin To Net: NetName=SW5V Pin=L2-1
Added Pin To Net: NetName=SW5V Pin=U7-3
Added Net: Name=SW5V
Added Pin To Net: NetName=uC.EncoderA.1 Pin=R24-2
Added Net: Name=uC.EncoderA.1
Added Pin To Net: NetName=uC.EncoderB.1 Pin=R18-2
Added Net: Name=uC.EncoderB.1
Added Pin To Net: NetName=uC.EncoderB.2 Pin=R19-2
Added Net: Name=uC.EncoderB.2
Added Pin To Net: NetName=uC.EncoderC.1 Pin=R15-2
Added Net: Name=uC.EncoderC.1
Added Pin To Net: NetName=uC.EncoderD.1 Pin=R16-2
Added Net: Name=uC.EncoderD.1
Added Pin To Net: NetName=uC.EncoderD.2 Pin=R17-2
Added Net: Name=uC.EncoderD.2
Added Class: Name=Designator
Added Class: Name=Radio
